=== INFO LOGS 2025-07-06T08:20:59.398Z ===
[INFO] 2025-07-06T08:20:59.399Z: 🎯 Запуск ULTIMATE PUMP HUNTER - Максимальный винрейт и профит...
[INFO] 2025-07-06T08:20:59.427Z: Exchange service initialized
[INFO] 2025-07-06T08:20:59.427Z: 🧪 ТЕСТОВЫЙ РЕЖИМ: Торговый бот запущен с виртуальным балансом $100
[INFO] 2025-07-06T08:20:59.427Z: 🧪 БОТ ЗАПУЩЕН В ТЕСТОВОМ РЕЖИМЕ: Все сделки виртуальные
[INFO] 2025-07-06T08:20:59.427Z: 🎯 ULTIMATE PUMP HUNTER ЗАПУЩЕН:
[INFO] 2025-07-06T08:20:59.427Z: 💰 Стартовый капитал: 100 USDT
[INFO] 2025-07-06T08:20:59.427Z: ⚡ Плечо: 100x | Базовая позиция: 8%
[INFO] 2025-07-06T08:20:59.427Z: 🎯 Target: 5.5% | Stop: 1.2%
[INFO] 2025-07-06T08:20:59.427Z: 📈 СЛОЖНЫЙ ПРОЦЕНТ: Активен с автомасштабированием
[INFO] 2025-07-06T08:20:59.427Z: ⏱️ Кулдаун: 45 минут между сделками
[INFO] 2025-07-06T08:20:59.427Z: ⚡ Плечо: 100x | Позиция: 8%
[INFO] 2025-07-06T08:20:59.427Z: 🎯 Target: 5.5% | Stop: 1.2%
[INFO] 2025-07-06T08:20:59.427Z: ⏱️ Кулдаун: 45 минут между сделками
[INFO] 2025-07-06T08:20:59.427Z: 🚀 ULTIMATE PUMP HUNTER инициализирован
[INFO] 2025-07-06T08:20:59.427Z: 🎯 ULTIMATE PUMP HUNTER готов к охоте за пампами!
[INFO] 2025-07-06T08:21:00.231Z: Loaded info for 526 trading pairs
[INFO] 2025-07-06T08:21:29.429Z: 📊 === ULTIMATE PUMP HUNTER СТАТИСТИКА ===
[INFO] 2025-07-06T08:21:29.431Z:    💰 Капитал: 100.00 USDT (старт: 100)
[INFO] 2025-07-06T08:21:29.431Z:    🚀 Общий рост: 0.0% | Мультипликатор: 1.00x
[INFO] 2025-07-06T08:21:29.431Z:    📈 Дневная прибыль: 0.00%
[INFO] 2025-07-06T08:21:29.431Z:    🎯 Сделок: 0 | WinRate: 0.0%
[INFO] 2025-07-06T08:21:29.431Z:    ⏱️ Следующая сделка через: 0 мин
[INFO] 2025-07-06T08:21:59.427Z: 📊 === ULTIMATE PUMP HUNTER СТАТИСТИКА ===
[INFO] 2025-07-06T08:21:59.427Z:    💰 Капитал: 100.00 USDT (старт: 100)
[INFO] 2025-07-06T08:21:59.427Z:    🚀 Общий рост: 0.0% | Мультипликатор: 1.00x
[INFO] 2025-07-06T08:21:59.427Z:    📈 Дневная прибыль: 0.00%
[INFO] 2025-07-06T08:21:59.427Z:    🎯 Сделок: 0 | WinRate: 0.0%
[INFO] 2025-07-06T08:21:59.427Z:    ⏱️ Следующая сделка через: 0 мин
[INFO] 2025-07-06T08:22:21.974Z: 🛑 Получен сигнал остановки...
=== INFO LOGS 2025-07-06T08:24:22.431Z ===
[INFO] 2025-07-06T08:24:22.433Z: 🎯 Запуск ULTIMATE PUMP HUNTER - Максимальный винрейт и профит...
[INFO] 2025-07-06T08:24:22.468Z: Exchange service initialized
[INFO] 2025-07-06T08:24:22.468Z: 🧪 ТЕСТОВЫЙ РЕЖИМ: Торговый бот запущен с виртуальным балансом $100
[INFO] 2025-07-06T08:24:22.468Z: 🧪 БОТ ЗАПУЩЕН В ТЕСТОВОМ РЕЖИМЕ: Все сделки виртуальные
[INFO] 2025-07-06T08:24:22.468Z: 🎯 ULTIMATE PUMP HUNTER ЗАПУЩЕН:
[INFO] 2025-07-06T08:24:22.468Z: 💰 Стартовый капитал: 100 USDT
[INFO] 2025-07-06T08:24:22.468Z: ⚡ Плечо: 100x | Базовая позиция: 8%
[INFO] 2025-07-06T08:24:22.468Z: 🎯 Target: 5.5% | Stop: 1.2%
[INFO] 2025-07-06T08:24:22.468Z: 📈 СЛОЖНЫЙ ПРОЦЕНТ: Активен с автомасштабированием
[INFO] 2025-07-06T08:24:22.468Z: 🚀 БЕЗ КУЛДАУНА: Максимальная агрессивность! До 12 сделок в день!
[INFO] 2025-07-06T08:24:22.468Z: ⚡ Плечо: 100x | Позиция: 8%
[INFO] 2025-07-06T08:24:22.468Z: 🎯 Target: 5.5% | Stop: 1.2%
[INFO] 2025-07-06T08:24:22.468Z: ⏱️ Кулдаун: 0 минут между сделками
[INFO] 2025-07-06T08:24:22.469Z: 🚀 ULTIMATE PUMP HUNTER инициализирован
[INFO] 2025-07-06T08:24:22.469Z: 🎯 ULTIMATE PUMP HUNTER готов к охоте за пампами!
[INFO] 2025-07-06T08:24:23.090Z: Loaded info for 526 trading pairs
[INFO] 2025-07-06T08:24:52.429Z: 📊 === ULTIMATE PUMP HUNTER СТАТИСТИКА ===
[INFO] 2025-07-06T08:24:52.431Z:    💰 Капитал: 100.00 USDT (старт: 100)
[INFO] 2025-07-06T08:24:52.431Z:    🚀 Общий рост: 0.0% | Мультипликатор: 1.00x
[INFO] 2025-07-06T08:24:52.431Z:    📈 Дневная прибыль: 0.00%
[INFO] 2025-07-06T08:24:52.431Z:    🎯 Сделок: 0 | WinRate: 0.0%
[INFO] 2025-07-06T08:24:52.432Z:    ⏱️ Следующая сделка через: 0 мин
[INFO] 2025-07-06T08:25:22.420Z: 📊 === ULTIMATE PUMP HUNTER СТАТИСТИКА ===
[INFO] 2025-07-06T08:25:22.421Z:    💰 Капитал: 100.00 USDT (старт: 100)
[INFO] 2025-07-06T08:25:22.421Z:    🚀 Общий рост: 0.0% | Мультипликатор: 1.00x
[INFO] 2025-07-06T08:25:22.421Z:    📈 Дневная прибыль: 0.00%
[INFO] 2025-07-06T08:25:22.421Z:    🎯 Сделок: 0 | WinRate: 0.0%
[INFO] 2025-07-06T08:25:22.421Z:    ⏱️ Следующая сделка через: 0 мин
[INFO] 2025-07-06T08:25:52.419Z: 📊 === ULTIMATE PUMP HUNTER СТАТИСТИКА ===
[INFO] 2025-07-06T08:25:52.420Z:    💰 Капитал: 100.00 USDT (старт: 100)
[INFO] 2025-07-06T08:25:52.421Z:    🚀 Общий рост: 0.0% | Мультипликатор: 1.00x
[INFO] 2025-07-06T08:25:52.421Z:    📈 Дневная прибыль: 0.00%
[INFO] 2025-07-06T08:25:52.421Z:    🎯 Сделок: 0 | WinRate: 0.0%
[INFO] 2025-07-06T08:25:52.421Z:    ⏱️ Следующая сделка через: 0 мин
[INFO] 2025-07-06T08:26:22.419Z: 📊 === ULTIMATE PUMP HUNTER СТАТИСТИКА ===
[INFO] 2025-07-06T08:26:22.420Z:    💰 Капитал: 100.00 USDT (старт: 100)
[INFO] 2025-07-06T08:26:22.421Z:    🚀 Общий рост: 0.0% | Мультипликатор: 1.00x
[INFO] 2025-07-06T08:26:22.421Z:    📈 Дневная прибыль: 0.00%
[INFO] 2025-07-06T08:26:22.421Z:    🎯 Сделок: 0 | WinRate: 0.0%
[INFO] 2025-07-06T08:26:22.421Z:    ⏱️ Следующая сделка через: 0 мин
[INFO] 2025-07-06T08:26:52.418Z: 📊 === ULTIMATE PUMP HUNTER СТАТИСТИКА ===
[INFO] 2025-07-06T08:26:52.419Z:    💰 Капитал: 100.00 USDT (старт: 100)
[INFO] 2025-07-06T08:26:52.419Z:    🚀 Общий рост: 0.0% | Мультипликатор: 1.00x
[INFO] 2025-07-06T08:26:52.419Z:    📈 Дневная прибыль: 0.00%
[INFO] 2025-07-06T08:26:52.419Z:    🎯 Сделок: 0 | WinRate: 0.0%
[INFO] 2025-07-06T08:26:52.419Z:    ⏱️ Следующая сделка через: 0 мин
