[INFO] 2025-07-05T22:41:32.362Z: ⚡ [1м] $100.00 | 0.0% | 0 сделок | WR: 0.0%
[INFO] 2025-07-05T22:41:42.363Z: ⚡ [2м] $100.00 | 0.0% | 0 сделок | WR: 0.0%
[INFO] 2025-07-05T22:41:52.363Z: ⚡ [2м] $100.00 | 0.0% | 0 сделок | WR: 0.0%
[INFO] 2025-07-05T22:42:02.364Z: ⚡ [2м] $100.00 | 0.0% | 0 сделок | WR: 0.0%
[INFO] 2025-07-05T22:42:12.358Z: 📊 === РАСШИРЕННАЯ СТАТИСТИКА [2 минут] ===
[INFO] 2025-07-05T22:42:12.359Z: 💰 Капитал: 100.00 USDT (рост: 0.00%)
[INFO] 2025-07-05T22:42:12.359Z: 🎯 Сделки: 0 | Побед: 0 | Поражений: 0
[INFO] 2025-07-05T22:42:12.359Z: 📈 WinRate: 0.0% | Просадка: 0.0%
[INFO] 2025-07-05T22:42:12.360Z: 🔥 Серия побед: 0 | Серия поражений: 0
[INFO] 2025-07-05T22:42:12.360Z: ⏱️ Следующая сделка: 0 минут
[INFO] 2025-07-05T22:42:12.364Z: ⚡ [2м] $100.00 | 0.0% | 0 сделок | WR: 0.0%
[INFO] 2025-07-05T22:42:22.365Z: ⚡ [2м] $100.00 | 0.0% | 0 сделок | WR: 0.0%
[INFO] 2025-07-05T22:42:32.366Z: ⚡ [2м] $100.00 | 0.0% | 0 сделок | WR: 0.0%
[INFO] 2025-07-05T22:42:42.368Z: ⚡ [3м] $100.00 | 0.0% | 0 сделок | WR: 0.0%
[INFO] 2025-07-05T22:42:44.392Z: 🛑 Получен сигнал остановки ночного теста...
=== INFO LOGS 2025-07-05T22:43:40.071Z ===
[INFO] 2025-07-05T22:43:40.157Z: Exchange service initialized
[INFO] 2025-07-05T22:43:40.158Z: 🧪 ТЕСТОВЫЙ РЕЖИМ: Торговый бот запущен с виртуальным балансом $100
[INFO] 2025-07-05T22:43:40.158Z: 🎯 ULTIMATE PUMP HUNTER ЗАПУЩЕН:
[INFO] 2025-07-05T22:43:40.158Z: 💰 Стартовый капитал: 100 USDT
[INFO] 2025-07-05T22:43:40.158Z: ⚡ Плечо: 100x | Базовая позиция: 8%
[INFO] 2025-07-05T22:43:40.158Z: 🎯 Target: 5.5% | Stop: 1.2%
[INFO] 2025-07-05T22:43:40.158Z: 📈 СЛОЖНЫЙ ПРОЦЕНТ: Активен с автомасштабированием
[INFO] 2025-07-05T22:43:40.158Z: ⏱️ Кулдаун: 45 минут между сделками
[INFO] 2025-07-05T22:43:40.158Z: ⚡ Плечо: 100x | Позиция: 8%
[INFO] 2025-07-05T22:43:40.158Z: 🎯 Target: 5.5% | Stop: 1.2%
[INFO] 2025-07-05T22:43:40.158Z: ⏱️ Кулдаун: 45 минут между сделками
[INFO] 2025-07-05T22:43:40.158Z: 🌙 НОЧНОЙ ТЕСТ ULTIMATE PUMP HUNTER ИНИЦИАЛИЗИРОВАН
[INFO] 2025-07-05T22:43:40.158Z: 💰 Начальный капитал: 100 USDT
[INFO] 2025-07-05T22:43:40.158Z: 🎯 Режим: ВИРТУАЛЬНЫЙ
[INFO] 2025-07-05T22:43:40.158Z: 🌙 Запуск ночного теста на 8 часов...
[INFO] 2025-07-05T22:43:40.158Z: 🚀 ЗАПУСК НОЧНОГО ТЕСТА НА 8 ЧАСОВ
[INFO] 2025-07-05T22:43:40.730Z: Loaded info for 526 trading pairs
[INFO] 2025-07-05T22:43:50.160Z: ⚡ [0м] $100.00 | 0.0% | 0 сделок | WR: 0.0%
[INFO] 2025-07-05T22:44:00.161Z: ⚡ [0м] $100.00 | 0.0% | 0 сделок | WR: 0.0%
[INFO] 2025-07-05T22:44:10.162Z: ⚡ [1м] $100.00 | 0.0% | 0 сделок | WR: 0.0%
[INFO] 2025-07-05T22:44:20.163Z: ⚡ [1м] $100.00 | 0.0% | 0 сделок | WR: 0.0%
[INFO] 2025-07-05T22:44:21.219Z: 🛑 Получен сигнал остановки ночного теста...
=== INFO LOGS 2025-07-05T22:45:14.634Z ===
[INFO] 2025-07-05T22:45:14.716Z: Exchange service initialized
[INFO] 2025-07-05T22:45:14.716Z: 🧪 ТЕСТОВЫЙ РЕЖИМ: Торговый бот запущен с виртуальным балансом $100
[INFO] 2025-07-05T22:45:14.716Z: 🎯 ULTIMATE PUMP HUNTER ЗАПУЩЕН:
[INFO] 2025-07-05T22:45:14.716Z: 💰 Стартовый капитал: 100 USDT
[INFO] 2025-07-05T22:45:14.716Z: ⚡ Плечо: 100x | Базовая позиция: 8%
[INFO] 2025-07-05T22:45:14.716Z: 🎯 Target: 5.5% | Stop: 1.2%
[INFO] 2025-07-05T22:45:14.716Z: 📈 СЛОЖНЫЙ ПРОЦЕНТ: Активен с автомасштабированием
[INFO] 2025-07-05T22:45:14.716Z: ⏱️ Кулдаун: 45 минут между сделками
[INFO] 2025-07-05T22:45:14.716Z: ⚡ Плечо: 100x | Позиция: 8%
[INFO] 2025-07-05T22:45:14.716Z: 🎯 Target: 5.5% | Stop: 1.2%
[INFO] 2025-07-05T22:45:14.716Z: ⏱️ Кулдаун: 45 минут между сделками
[INFO] 2025-07-05T22:45:14.716Z: 🌙 НОЧНОЙ ТЕСТ ULTIMATE PUMP HUNTER ИНИЦИАЛИЗИРОВАН
[INFO] 2025-07-05T22:45:14.716Z: 💰 Начальный капитал: 100 USDT
[INFO] 2025-07-05T22:45:14.716Z: 🎯 Режим: ВИРТУАЛЬНЫЙ
[INFO] 2025-07-05T22:45:14.716Z: 🌙 Запуск ночного теста на 8 часов...
[INFO] 2025-07-05T22:45:14.716Z: 🚀 ЗАПУСК НОЧНОГО ТЕСТА НА 8 ЧАСОВ
[INFO] 2025-07-05T22:45:15.340Z: Loaded info for 526 trading pairs
[INFO] 2025-07-05T22:45:24.718Z: ⚡ [0м] $100.00 | 0.0% | 0 сделок | WR: 0.0%
[INFO] 2025-07-05T22:45:34.719Z: ⚡ [0м] $100.00 | 0.0% | 0 сделок | WR: 0.0%
[INFO] 2025-07-05T22:45:44.720Z: ⚡ [1м] $100.00 | 0.0% | 0 сделок | WR: 0.0%
[INFO] 2025-07-05T22:45:54.721Z: ⚡ [1м] $100.00 | 0.0% | 0 сделок | WR: 0.0%
[INFO] 2025-07-05T22:46:04.722Z: ⚡ [1м] $100.00 | 0.0% | 0 сделок | WR: 0.0%
[INFO] 2025-07-05T22:46:14.718Z: 📊 === РАСШИРЕННАЯ СТАТИСТИКА [1 минут] ===
[INFO] 2025-07-05T22:46:14.719Z: 💰 Капитал: 100.00 USDT (рост: 0.00%)
[INFO] 2025-07-05T22:46:14.720Z: 🎯 Сделки: 0 | Побед: 0 | Поражений: 0
[INFO] 2025-07-05T22:46:14.720Z: 📈 WinRate: 0.0% | Просадка: 0.0%
[INFO] 2025-07-05T22:46:14.720Z: 🔥 Серия побед: 0 | Серия поражений: 0
[INFO] 2025-07-05T22:46:14.720Z: ⏱️ Следующая сделка: 0 минут
[INFO] 2025-07-05T22:46:14.723Z: ⚡ [1м] $100.00 | 0.0% | 0 сделок | WR: 0.0%
[INFO] 2025-07-05T22:46:24.723Z: ⚡ [1м] $100.00 | 0.0% | 0 сделок | WR: 0.0%
[INFO] 2025-07-05T22:46:34.724Z: ⚡ [1м] $100.00 | 0.0% | 0 сделок | WR: 0.0%
[INFO] 2025-07-05T22:46:44.726Z: ⚡ [2м] $100.00 | 0.0% | 0 сделок | WR: 0.0%
[INFO] 2025-07-05T22:46:54.726Z: ⚡ [2м] $100.00 | 0.0% | 0 сделок | WR: 0.0%
[INFO] 2025-07-05T22:47:04.728Z: ⚡ [2м] $100.00 | 0.0% | 0 сделок | WR: 0.0%
[INFO] 2025-07-05T22:47:14.718Z: 📊 === РАСШИРЕННАЯ СТАТИСТИКА [2 минут] ===
[INFO] 2025-07-05T22:47:14.719Z: 💰 Капитал: 100.00 USDT (рост: 0.00%)
[INFO] 2025-07-05T22:47:14.720Z: 🎯 Сделки: 0 | Побед: 0 | Поражений: 0
[INFO] 2025-07-05T22:47:14.720Z: 📈 WinRate: 0.0% | Просадка: 0.0%
[INFO] 2025-07-05T22:47:14.720Z: 🔥 Серия побед: 0 | Серия поражений: 0
[INFO] 2025-07-05T22:47:14.720Z: ⏱️ Следующая сделка: 0 минут
[INFO] 2025-07-05T22:47:14.729Z: ⚡ [2м] $100.00 | 0.0% | 0 сделок | WR: 0.0%
[INFO] 2025-07-05T22:47:24.730Z: ⚡ [2м] $100.00 | 0.0% | 0 сделок | WR: 0.0%
[INFO] 2025-07-05T22:47:34.731Z: ⚡ [2м] $100.00 | 0.0% | 0 сделок | WR: 0.0%
[INFO] 2025-07-05T22:47:44.732Z: ⚡ [3м] $100.00 | 0.0% | 0 сделок | WR: 0.0%
[INFO] 2025-07-05T22:47:54.732Z: ⚡ [3м] $100.00 | 0.0% | 0 сделок | WR: 0.0%
[INFO] 2025-07-05T22:48:04.733Z: ⚡ [3м] $100.00 | 0.0% | 0 сделок | WR: 0.0%
[INFO] 2025-07-05T22:48:14.720Z: 📊 === РАСШИРЕННАЯ СТАТИСТИКА [3 минут] ===
[INFO] 2025-07-05T22:48:14.721Z: 💰 Капитал: 100.00 USDT (рост: 0.00%)
[INFO] 2025-07-05T22:48:14.721Z: 🎯 Сделки: 0 | Побед: 0 | Поражений: 0
[INFO] 2025-07-05T22:48:14.721Z: 📈 WinRate: 0.0% | Просадка: 0.0%
[INFO] 2025-07-05T22:48:14.721Z: 🔥 Серия побед: 0 | Серия поражений: 0
[INFO] 2025-07-05T22:48:14.722Z: ⏱️ Следующая сделка: 0 минут
[INFO] 2025-07-05T22:48:14.733Z: ⚡ [3м] $100.00 | 0.0% | 0 сделок | WR: 0.0%
[INFO] 2025-07-05T22:48:24.734Z: ⚡ [3м] $100.00 | 0.0% | 0 сделок | WR: 0.0%
[INFO] 2025-07-05T22:48:34.736Z: ⚡ [3м] $100.00 | 0.0% | 0 сделок | WR: 0.0%
[INFO] 2025-07-05T22:48:44.737Z: ⚡ [4м] $100.00 | 0.0% | 0 сделок | WR: 0.0%
[INFO] 2025-07-05T22:48:54.738Z: ⚡ [4м] $100.00 | 0.0% | 0 сделок | WR: 0.0%
[INFO] 2025-07-05T22:49:04.739Z: ⚡ [4м] $100.00 | 0.0% | 0 сделок | WR: 0.0%
[INFO] 2025-07-05T22:49:14.721Z: 📊 === РАСШИРЕННАЯ СТАТИСТИКА [4 минут] ===
[INFO] 2025-07-05T22:49:14.724Z: 💰 Капитал: 100.00 USDT (рост: 0.00%)
[INFO] 2025-07-05T22:49:14.724Z: 🎯 Сделки: 0 | Побед: 0 | Поражений: 0
[INFO] 2025-07-05T22:49:14.724Z: 📈 WinRate: 0.0% | Просадка: 0.0%
[INFO] 2025-07-05T22:49:14.724Z: 🔥 Серия побед: 0 | Серия поражений: 0
[INFO] 2025-07-05T22:49:14.724Z: ⏱️ Следующая сделка: 0 минут
[INFO] 2025-07-05T22:49:14.740Z: ⚡ [4м] $100.00 | 0.0% | 0 сделок | WR: 0.0%
[INFO] 2025-07-05T22:49:24.740Z: ⚡ [4м] $100.00 | 0.0% | 0 сделок | WR: 0.0%
[INFO] 2025-07-05T22:49:34.741Z: ⚡ [4м] $100.00 | 0.0% | 0 сделок | WR: 0.0%
[INFO] 2025-07-05T22:49:44.742Z: ⚡ [5м] $100.00 | 0.0% | 0 сделок | WR: 0.0%
[INFO] 2025-07-05T22:49:54.742Z: ⚡ [5м] $100.00 | 0.0% | 0 сделок | WR: 0.0%
[INFO] 2025-07-05T22:50:04.742Z: ⚡ [5м] $100.00 | 0.0% | 0 сделок | WR: 0.0%
[INFO] 2025-07-05T22:50:14.722Z: 📊 === РАСШИРЕННАЯ СТАТИСТИКА [5 минут] ===
[INFO] 2025-07-05T22:50:14.723Z: 💰 Капитал: 100.00 USDT (рост: 0.00%)
[INFO] 2025-07-05T22:50:14.723Z: 🎯 Сделки: 0 | Побед: 0 | Поражений: 0
[INFO] 2025-07-05T22:50:14.723Z: 📈 WinRate: 0.0% | Просадка: 0.0%
[INFO] 2025-07-05T22:50:14.723Z: 🔥 Серия побед: 0 | Серия поражений: 0
[INFO] 2025-07-05T22:50:14.723Z: ⏱️ Следующая сделка: 0 минут
[INFO] 2025-07-05T22:50:14.743Z: ⚡ [5м] $100.00 | 0.0% | 0 сделок | WR: 0.0%
[INFO] 2025-07-05T22:50:24.744Z: ⚡ [5м] $100.00 | 0.0% | 0 сделок | WR: 0.0%
[INFO] 2025-07-05T22:50:34.746Z: ⚡ [5м] $100.00 | 0.0% | 0 сделок | WR: 0.0%
[INFO] 2025-07-05T22:50:44.746Z: ⚡ [6м] $100.00 | 0.0% | 0 сделок | WR: 0.0%
[INFO] 2025-07-05T22:50:54.746Z: ⚡ [6м] $100.00 | 0.0% | 0 сделок | WR: 0.0%
[INFO] 2025-07-05T22:51:04.747Z: ⚡ [6м] $100.00 | 0.0% | 0 сделок | WR: 0.0%
[INFO] 2025-07-05T22:51:14.723Z: 📊 === РАСШИРЕННАЯ СТАТИСТИКА [6 минут] ===
[INFO] 2025-07-05T22:51:14.725Z: 💰 Капитал: 100.00 USDT (рост: 0.00%)
[INFO] 2025-07-05T22:51:14.725Z: 🎯 Сделки: 0 | Побед: 0 | Поражений: 0
[INFO] 2025-07-05T22:51:14.726Z: 📈 WinRate: 0.0% | Просадка: 0.0%
[INFO] 2025-07-05T22:51:14.726Z: 🔥 Серия побед: 0 | Серия поражений: 0
[INFO] 2025-07-05T22:51:14.726Z: ⏱️ Следующая сделка: 0 минут
[INFO] 2025-07-05T22:51:14.748Z: ⚡ [6м] $100.00 | 0.0% | 0 сделок | WR: 0.0%
[INFO] 2025-07-05T22:51:24.749Z: ⚡ [6м] $100.00 | 0.0% | 0 сделок | WR: 0.0%
[INFO] 2025-07-05T22:51:34.751Z: ⚡ [6м] $100.00 | 0.0% | 0 сделок | WR: 0.0%
[INFO] 2025-07-05T22:51:44.753Z: ⚡ [7м] $100.00 | 0.0% | 0 сделок | WR: 0.0%
[INFO] 2025-07-05T22:51:54.754Z: ⚡ [7м] $100.00 | 0.0% | 0 сделок | WR: 0.0%
[INFO] 2025-07-05T22:52:04.754Z: ⚡ [7м] $100.00 | 0.0% | 0 сделок | WR: 0.0%
[INFO] 2025-07-05T22:52:14.725Z: 📊 === РАСШИРЕННАЯ СТАТИСТИКА [7 минут] ===
[INFO] 2025-07-05T22:52:14.727Z: 💰 Капитал: 100.00 USDT (рост: 0.00%)
[INFO] 2025-07-05T22:52:14.727Z: 🎯 Сделки: 0 | Побед: 0 | Поражений: 0
[INFO] 2025-07-05T22:52:14.728Z: 📈 WinRate: 0.0% | Просадка: 0.0%
[INFO] 2025-07-05T22:52:14.728Z: 🔥 Серия побед: 0 | Серия поражений: 0
[INFO] 2025-07-05T22:52:14.728Z: ⏱️ Следующая сделка: 0 минут
[INFO] 2025-07-05T22:52:14.756Z: ⚡ [7м] $100.00 | 0.0% | 0 сделок | WR: 0.0%
[INFO] 2025-07-05T22:52:24.757Z: ⚡ [7м] $100.00 | 0.0% | 0 сделок | WR: 0.0%
[INFO] 2025-07-05T22:52:34.759Z: ⚡ [7м] $100.00 | 0.0% | 0 сделок | WR: 0.0%
[INFO] 2025-07-05T22:52:44.759Z: ⚡ [8м] $100.00 | 0.0% | 0 сделок | WR: 0.0%
[INFO] 2025-07-05T22:52:54.761Z: ⚡ [8м] $100.00 | 0.0% | 0 сделок | WR: 0.0%
[INFO] 2025-07-05T22:53:04.763Z: ⚡ [8м] $100.00 | 0.0% | 0 сделок | WR: 0.0%
[INFO] 2025-07-05T22:53:14.728Z: 📊 === РАСШИРЕННАЯ СТАТИСТИКА [8 минут] ===
[INFO] 2025-07-05T22:53:14.729Z: 💰 Капитал: 100.00 USDT (рост: 0.00%)
[INFO] 2025-07-05T22:53:14.729Z: 🎯 Сделки: 0 | Побед: 0 | Поражений: 0
[INFO] 2025-07-05T22:53:14.729Z: 📈 WinRate: 0.0% | Просадка: 0.0%
[INFO] 2025-07-05T22:53:14.730Z: 🔥 Серия побед: 0 | Серия поражений: 0
[INFO] 2025-07-05T22:53:14.730Z: ⏱️ Следующая сделка: 0 минут
[INFO] 2025-07-05T22:53:14.764Z: ⚡ [8м] $100.00 | 0.0% | 0 сделок | WR: 0.0%
[INFO] 2025-07-05T22:53:24.764Z: ⚡ [8м] $100.00 | 0.0% | 0 сделок | WR: 0.0%
[INFO] 2025-07-05T22:53:34.766Z: ⚡ [8м] $100.00 | 0.0% | 0 сделок | WR: 0.0%
[INFO] 2025-07-05T22:53:44.767Z: ⚡ [9м] $100.00 | 0.0% | 0 сделок | WR: 0.0%
[INFO] 2025-07-05T22:53:54.768Z: ⚡ [9м] $100.00 | 0.0% | 0 сделок | WR: 0.0%
[INFO] 2025-07-05T22:54:04.769Z: ⚡ [9м] $100.00 | 0.0% | 0 сделок | WR: 0.0%
[INFO] 2025-07-05T22:54:14.730Z: 📊 === РАСШИРЕННАЯ СТАТИСТИКА [9 минут] ===
[INFO] 2025-07-05T22:54:14.732Z: 💰 Капитал: 100.00 USDT (рост: 0.00%)
[INFO] 2025-07-05T22:54:14.732Z: 🎯 Сделки: 0 | Побед: 0 | Поражений: 0
[INFO] 2025-07-05T22:54:14.732Z: 📈 WinRate: 0.0% | Просадка: 0.0%
[INFO] 2025-07-05T22:54:14.732Z: 🔥 Серия побед: 0 | Серия поражений: 0
[INFO] 2025-07-05T22:54:14.733Z: ⏱️ Следующая сделка: 0 минут
[INFO] 2025-07-05T22:54:14.771Z: ⚡ [9м] $100.00 | 0.0% | 0 сделок | WR: 0.0%
[INFO] 2025-07-05T22:54:24.772Z: ⚡ [9м] $100.00 | 0.0% | 0 сделок | WR: 0.0%
[INFO] 2025-07-05T22:54:34.772Z: ⚡ [9м] $100.00 | 0.0% | 0 сделок | WR: 0.0%
[INFO] 2025-07-05T22:54:44.773Z: ⚡ [10м] $100.00 | 0.0% | 0 сделок | WR: 0.0%
[INFO] 2025-07-05T22:54:54.775Z: ⚡ [10м] $100.00 | 0.0% | 0 сделок | WR: 0.0%
[INFO] 2025-07-05T22:55:04.775Z: ⚡ [10м] $100.00 | 0.0% | 0 сделок | WR: 0.0%
[INFO] 2025-07-05T22:55:14.731Z: 📊 === РАСШИРЕННАЯ СТАТИСТИКА [10 минут] ===
[INFO] 2025-07-05T22:55:14.733Z: 💰 Капитал: 100.00 USDT (рост: 0.00%)
[INFO] 2025-07-05T22:55:14.733Z: 🎯 Сделки: 0 | Побед: 0 | Поражений: 0
[INFO] 2025-07-05T22:55:14.733Z: 📈 WinRate: 0.0% | Просадка: 0.0%
[INFO] 2025-07-05T22:55:14.733Z: 🔥 Серия побед: 0 | Серия поражений: 0
[INFO] 2025-07-05T22:55:14.733Z: ⏱️ Следующая сделка: 0 минут
[INFO] 2025-07-05T22:55:14.777Z: ⚡ [10м] $100.00 | 0.0% | 0 сделок | WR: 0.0%
[INFO] 2025-07-05T22:55:24.778Z: ⚡ [10м] $100.00 | 0.0% | 0 сделок | WR: 0.0%
[INFO] 2025-07-05T22:55:34.779Z: ⚡ [10м] $100.00 | 0.0% | 0 сделок | WR: 0.0%
[INFO] 2025-07-05T22:55:44.780Z: ⚡ [11м] $100.00 | 0.0% | 0 сделок | WR: 0.0%
[INFO] 2025-07-05T22:55:54.722Z: ⚡ [11м] $100.00 | 0.0% | 0 сделок | WR: 0.0%
[INFO] 2025-07-05T22:56:04.722Z: ⚡ [11м] $100.00 | 0.0% | 0 сделок | WR: 0.0%
[INFO] 2025-07-05T22:56:14.672Z: 📊 === РАСШИРЕННАЯ СТАТИСТИКА [11 минут] ===
[INFO] 2025-07-05T22:56:14.674Z: 💰 Капитал: 100.00 USDT (рост: 0.00%)
[INFO] 2025-07-05T22:56:14.674Z: 🎯 Сделки: 0 | Побед: 0 | Поражений: 0
[INFO] 2025-07-05T22:56:14.674Z: 📈 WinRate: 0.0% | Просадка: 0.0%
[INFO] 2025-07-05T22:56:14.675Z: 🔥 Серия побед: 0 | Серия поражений: 0
[INFO] 2025-07-05T22:56:14.675Z: ⏱️ Следующая сделка: 0 минут
[INFO] 2025-07-05T22:56:14.723Z: ⚡ [11м] $100.00 | 0.0% | 0 сделок | WR: 0.0%
[INFO] 2025-07-05T22:56:24.724Z: ⚡ [11м] $100.00 | 0.0% | 0 сделок | WR: 0.0%
[INFO] 2025-07-05T22:56:34.725Z: ⚡ [11м] $100.00 | 0.0% | 0 сделок | WR: 0.0%
[INFO] 2025-07-05T22:56:44.725Z: ⚡ [12м] $100.00 | 0.0% | 0 сделок | WR: 0.0%
[INFO] 2025-07-05T22:56:54.727Z: ⚡ [12м] $100.00 | 0.0% | 0 сделок | WR: 0.0%
[INFO] 2025-07-05T22:57:04.728Z: ⚡ [12м] $100.00 | 0.0% | 0 сделок | WR: 0.0%
[INFO] 2025-07-05T22:57:14.672Z: 📊 === РАСШИРЕННАЯ СТАТИСТИКА [12 минут] ===
[INFO] 2025-07-05T22:57:14.674Z: 💰 Капитал: 100.00 USDT (рост: 0.00%)
[INFO] 2025-07-05T22:57:14.674Z: 🎯 Сделки: 0 | Побед: 0 | Поражений: 0
[INFO] 2025-07-05T22:57:14.675Z: 📈 WinRate: 0.0% | Просадка: 0.0%
[INFO] 2025-07-05T22:57:14.675Z: 🔥 Серия побед: 0 | Серия поражений: 0
[INFO] 2025-07-05T22:57:14.675Z: ⏱️ Следующая сделка: 0 минут
[INFO] 2025-07-05T22:57:14.729Z: ⚡ [12м] $100.00 | 0.0% | 0 сделок | WR: 0.0%
[INFO] 2025-07-05T22:57:24.730Z: ⚡ [12м] $100.00 | 0.0% | 0 сделок | WR: 0.0%
[INFO] 2025-07-05T22:57:34.731Z: ⚡ [12м] $100.00 | 0.0% | 0 сделок | WR: 0.0%
[INFO] 2025-07-05T22:57:44.731Z: ⚡ [13м] $100.00 | 0.0% | 0 сделок | WR: 0.0%
[INFO] 2025-07-05T22:57:54.732Z: ⚡ [13м] $100.00 | 0.0% | 0 сделок | WR: 0.0%
[INFO] 2025-07-05T22:58:04.733Z: ⚡ [13м] $100.00 | 0.0% | 0 сделок | WR: 0.0%
[INFO] 2025-07-05T22:58:14.673Z: 📊 === РАСШИРЕННАЯ СТАТИСТИКА [13 минут] ===
[INFO] 2025-07-05T22:58:14.674Z: 💰 Капитал: 100.00 USDT (рост: 0.00%)
[INFO] 2025-07-05T22:58:14.674Z: 🎯 Сделки: 0 | Побед: 0 | Поражений: 0
[INFO] 2025-07-05T22:58:14.675Z: 📈 WinRate: 0.0% | Просадка: 0.0%
[INFO] 2025-07-05T22:58:14.675Z: 🔥 Серия побед: 0 | Серия поражений: 0
[INFO] 2025-07-05T22:58:14.675Z: ⏱️ Следующая сделка: 0 минут
[INFO] 2025-07-05T22:58:14.734Z: ⚡ [13м] $100.00 | 0.0% | 0 сделок | WR: 0.0%
[INFO] 2025-07-05T22:58:24.735Z: ⚡ [13м] $100.00 | 0.0% | 0 сделок | WR: 0.0%
[INFO] 2025-07-05T22:58:34.737Z: ⚡ [13м] $100.00 | 0.0% | 0 сделок | WR: 0.0%
[INFO] 2025-07-05T22:58:44.738Z: ⚡ [14м] $100.00 | 0.0% | 0 сделок | WR: 0.0%
[INFO] 2025-07-05T22:58:54.739Z: ⚡ [14м] $100.00 | 0.0% | 0 сделок | WR: 0.0%
[INFO] 2025-07-05T22:59:04.740Z: ⚡ [14м] $100.00 | 0.0% | 0 сделок | WR: 0.0%
[INFO] 2025-07-05T22:59:14.674Z: 📊 === РАСШИРЕННАЯ СТАТИСТИКА [14 минут] ===
[INFO] 2025-07-05T22:59:14.675Z: 💰 Капитал: 100.00 USDT (рост: 0.00%)
[INFO] 2025-07-05T22:59:14.675Z: 🎯 Сделки: 0 | Побед: 0 | Поражений: 0
[INFO] 2025-07-05T22:59:14.675Z: 📈 WinRate: 0.0% | Просадка: 0.0%
[INFO] 2025-07-05T22:59:14.676Z: 🔥 Серия побед: 0 | Серия поражений: 0
[INFO] 2025-07-05T22:59:14.676Z: ⏱️ Следующая сделка: 0 минут
[INFO] 2025-07-05T22:59:14.740Z: ⚡ [14м] $100.00 | 0.0% | 0 сделок | WR: 0.0%
[INFO] 2025-07-05T22:59:24.742Z: ⚡ [14м] $100.00 | 0.0% | 0 сделок | WR: 0.0%
[INFO] 2025-07-05T22:59:34.742Z: ⚡ [14м] $100.00 | 0.0% | 0 сделок | WR: 0.0%
[INFO] 2025-07-05T22:59:44.744Z: ⚡ [15м] $100.00 | 0.0% | 0 сделок | WR: 0.0%
[INFO] 2025-07-05T22:59:54.745Z: ⚡ [15м] $100.00 | 0.0% | 0 сделок | WR: 0.0%
[INFO] 2025-07-05T23:00:04.747Z: ⚡ [15м] $100.00 | 0.0% | 0 сделок | WR: 0.0%
[INFO] 2025-07-05T23:00:14.675Z: 📊 === РАСШИРЕННАЯ СТАТИСТИКА [15 минут] ===
[INFO] 2025-07-05T23:00:14.677Z: 💰 Капитал: 100.00 USDT (рост: 0.00%)
[INFO] 2025-07-05T23:00:14.677Z: 🎯 Сделки: 0 | Побед: 0 | Поражений: 0
[INFO] 2025-07-05T23:00:14.677Z: 📈 WinRate: 0.0% | Просадка: 0.0%
[INFO] 2025-07-05T23:00:14.678Z: 🔥 Серия побед: 0 | Серия поражений: 0
[INFO] 2025-07-05T23:00:14.678Z: ⏱️ Следующая сделка: 0 минут
[INFO] 2025-07-05T23:00:14.748Z: ⚡ [15м] $100.00 | 0.0% | 0 сделок | WR: 0.0%
[INFO] 2025-07-05T23:00:24.748Z: ⚡ [15м] $100.00 | 0.0% | 0 сделок | WR: 0.0%
[INFO] 2025-07-05T23:00:34.748Z: ⚡ [15м] $100.00 | 0.0% | 0 сделок | WR: 0.0%
[INFO] 2025-07-05T23:00:44.788Z: ⚡ [16м] $100.00 | 0.0% | 0 сделок | WR: 0.0%
[INFO] 2025-07-05T23:00:54.790Z: ⚡ [16м] $100.00 | 0.0% | 0 сделок | WR: 0.0%
[INFO] 2025-07-05T23:01:04.793Z: ⚡ [16м] $100.00 | 0.0% | 0 сделок | WR: 0.0%
[INFO] 2025-07-05T23:01:14.675Z: 📊 === РАСШИРЕННАЯ СТАТИСТИКА [16 минут] ===
[INFO] 2025-07-05T23:01:14.676Z: 💰 Капитал: 100.00 USDT (рост: 0.00%)
[INFO] 2025-07-05T23:01:14.676Z: 🎯 Сделки: 0 | Побед: 0 | Поражений: 0
[INFO] 2025-07-05T23:01:14.676Z: 📈 WinRate: 0.0% | Просадка: 0.0%
[INFO] 2025-07-05T23:01:14.676Z: 🔥 Серия побед: 0 | Серия поражений: 0
[INFO] 2025-07-05T23:01:14.676Z: ⏱️ Следующая сделка: 0 минут
[INFO] 2025-07-05T23:01:14.794Z: ⚡ [16м] $100.00 | 0.0% | 0 сделок | WR: 0.0%
[INFO] 2025-07-05T23:01:24.795Z: ⚡ [16м] $100.00 | 0.0% | 0 сделок | WR: 0.0%
[INFO] 2025-07-05T23:01:34.796Z: ⚡ [16м] $100.00 | 0.0% | 0 сделок | WR: 0.0%
[INFO] 2025-07-05T23:01:44.797Z: ⚡ [17м] $100.00 | 0.0% | 0 сделок | WR: 0.0%
[INFO] 2025-07-05T23:01:54.796Z: ⚡ [17м] $100.00 | 0.0% | 0 сделок | WR: 0.0%
[INFO] 2025-07-05T23:02:04.796Z: ⚡ [17м] $100.00 | 0.0% | 0 сделок | WR: 0.0%
[INFO] 2025-07-05T23:02:14.676Z: 📊 === РАСШИРЕННАЯ СТАТИСТИКА [17 минут] ===
[INFO] 2025-07-05T23:02:14.678Z: 💰 Капитал: 100.00 USDT (рост: 0.00%)
[INFO] 2025-07-05T23:02:14.678Z: 🎯 Сделки: 0 | Побед: 0 | Поражений: 0
[INFO] 2025-07-05T23:02:14.679Z: 📈 WinRate: 0.0% | Просадка: 0.0%
[INFO] 2025-07-05T23:02:14.679Z: 🔥 Серия побед: 0 | Серия поражений: 0
[INFO] 2025-07-05T23:02:14.679Z: ⏱️ Следующая сделка: 0 минут
[INFO] 2025-07-05T23:02:14.797Z: ⚡ [17м] $100.00 | 0.0% | 0 сделок | WR: 0.0%
[INFO] 2025-07-05T23:02:24.798Z: ⚡ [17м] $100.00 | 0.0% | 0 сделок | WR: 0.0%
[INFO] 2025-07-05T23:02:34.798Z: ⚡ [17м] $100.00 | 0.0% | 0 сделок | WR: 0.0%
[INFO] 2025-07-05T23:02:44.800Z: ⚡ [18м] $100.00 | 0.0% | 0 сделок | WR: 0.0%
[INFO] 2025-07-05T23:02:54.800Z: ⚡ [18м] $100.00 | 0.0% | 0 сделок | WR: 0.0%
[INFO] 2025-07-05T23:03:04.801Z: ⚡ [18м] $100.00 | 0.0% | 0 сделок | WR: 0.0%
[INFO] 2025-07-05T23:03:14.677Z: 📊 === РАСШИРЕННАЯ СТАТИСТИКА [18 минут] ===
[INFO] 2025-07-05T23:03:14.678Z: 💰 Капитал: 100.00 USDT (рост: 0.00%)
[INFO] 2025-07-05T23:03:14.678Z: 🎯 Сделки: 0 | Побед: 0 | Поражений: 0
[INFO] 2025-07-05T23:03:14.678Z: 📈 WinRate: 0.0% | Просадка: 0.0%
[INFO] 2025-07-05T23:03:14.679Z: 🔥 Серия побед: 0 | Серия поражений: 0
[INFO] 2025-07-05T23:03:14.679Z: ⏱️ Следующая сделка: 0 минут
[INFO] 2025-07-05T23:03:14.801Z: ⚡ [18м] $100.00 | 0.0% | 0 сделок | WR: 0.0%
[INFO] 2025-07-05T23:03:24.801Z: ⚡ [18м] $100.00 | 0.0% | 0 сделок | WR: 0.0%
[INFO] 2025-07-05T23:03:34.802Z: ⚡ [18м] $100.00 | 0.0% | 0 сделок | WR: 0.0%
[INFO] 2025-07-05T23:03:44.803Z: ⚡ [19м] $100.00 | 0.0% | 0 сделок | WR: 0.0%
[INFO] 2025-07-05T23:03:54.804Z: ⚡ [19м] $100.00 | 0.0% | 0 сделок | WR: 0.0%
[INFO] 2025-07-05T23:04:04.805Z: ⚡ [19м] $100.00 | 0.0% | 0 сделок | WR: 0.0%
[INFO] 2025-07-05T23:04:14.677Z: 📊 === РАСШИРЕННАЯ СТАТИСТИКА [19 минут] ===
[INFO] 2025-07-05T23:04:14.678Z: 💰 Капитал: 100.00 USDT (рост: 0.00%)
[INFO] 2025-07-05T23:04:14.678Z: 🎯 Сделки: 0 | Побед: 0 | Поражений: 0
[INFO] 2025-07-05T23:04:14.679Z: 📈 WinRate: 0.0% | Просадка: 0.0%
[INFO] 2025-07-05T23:04:14.679Z: 🔥 Серия побед: 0 | Серия поражений: 0
[INFO] 2025-07-05T23:04:14.679Z: ⏱️ Следующая сделка: 0 минут
[INFO] 2025-07-05T23:04:14.805Z: ⚡ [19м] $100.00 | 0.0% | 0 сделок | WR: 0.0%
[INFO] 2025-07-05T23:04:24.806Z: ⚡ [19м] $100.00 | 0.0% | 0 сделок | WR: 0.0%
[INFO] 2025-07-05T23:04:34.806Z: ⚡ [19м] $100.00 | 0.0% | 0 сделок | WR: 0.0%
[INFO] 2025-07-05T23:04:44.806Z: ⚡ [20м] $100.00 | 0.0% | 0 сделок | WR: 0.0%
[INFO] 2025-07-05T23:04:54.807Z: ⚡ [20м] $100.00 | 0.0% | 0 сделок | WR: 0.0%
[INFO] 2025-07-05T23:05:04.808Z: ⚡ [20м] $100.00 | 0.0% | 0 сделок | WR: 0.0%
[INFO] 2025-07-05T23:05:14.677Z: 📊 === РАСШИРЕННАЯ СТАТИСТИКА [20 минут] ===
[INFO] 2025-07-05T23:05:14.678Z: 💰 Капитал: 100.00 USDT (рост: 0.00%)
[INFO] 2025-07-05T23:05:14.678Z: 🎯 Сделки: 0 | Побед: 0 | Поражений: 0
[INFO] 2025-07-05T23:05:14.678Z: 📈 WinRate: 0.0% | Просадка: 0.0%
[INFO] 2025-07-05T23:05:14.678Z: 🔥 Серия побед: 0 | Серия поражений: 0
[INFO] 2025-07-05T23:05:14.679Z: ⏱️ Следующая сделка: 0 минут
[INFO] 2025-07-05T23:05:14.808Z: ⚡ [20м] $100.00 | 0.0% | 0 сделок | WR: 0.0%
[INFO] 2025-07-05T23:05:24.809Z: ⚡ [20м] $100.00 | 0.0% | 0 сделок | WR: 0.0%
[INFO] 2025-07-05T23:05:34.810Z: ⚡ [20м] $100.00 | 0.0% | 0 сделок | WR: 0.0%
[INFO] 2025-07-05T23:05:44.811Z: ⚡ [21м] $100.00 | 0.0% | 0 сделок | WR: 0.0%
[INFO] 2025-07-05T23:05:54.812Z: ⚡ [21м] $100.00 | 0.0% | 0 сделок | WR: 0.0%
[INFO] 2025-07-05T23:06:04.812Z: ⚡ [21м] $100.00 | 0.0% | 0 сделок | WR: 0.0%
[INFO] 2025-07-05T23:06:14.678Z: 📊 === РАСШИРЕННАЯ СТАТИСТИКА [21 минут] ===
[INFO] 2025-07-05T23:06:14.679Z: 💰 Капитал: 100.00 USDT (рост: 0.00%)
[INFO] 2025-07-05T23:06:14.680Z: 🎯 Сделки: 0 | Побед: 0 | Поражений: 0
[INFO] 2025-07-05T23:06:14.680Z: 📈 WinRate: 0.0% | Просадка: 0.0%
[INFO] 2025-07-05T23:06:14.680Z: 🔥 Серия побед: 0 | Серия поражений: 0
[INFO] 2025-07-05T23:06:14.680Z: ⏱️ Следующая сделка: 0 минут
[INFO] 2025-07-05T23:06:14.812Z: ⚡ [21м] $100.00 | 0.0% | 0 сделок | WR: 0.0%
[INFO] 2025-07-05T23:06:24.813Z: ⚡ [21м] $100.00 | 0.0% | 0 сделок | WR: 0.0%
[INFO] 2025-07-05T23:06:34.814Z: ⚡ [21м] $100.00 | 0.0% | 0 сделок | WR: 0.0%
[INFO] 2025-07-05T23:06:44.815Z: ⚡ [22м] $100.00 | 0.0% | 0 сделок | WR: 0.0%
[INFO] 2025-07-05T23:06:54.816Z: ⚡ [22м] $100.00 | 0.0% | 0 сделок | WR: 0.0%
[INFO] 2025-07-05T23:07:04.818Z: ⚡ [22м] $100.00 | 0.0% | 0 сделок | WR: 0.0%
[INFO] 2025-07-05T23:07:14.679Z: 📊 === РАСШИРЕННАЯ СТАТИСТИКА [22 минут] ===
[INFO] 2025-07-05T23:07:14.680Z: 💰 Капитал: 100.00 USDT (рост: 0.00%)
[INFO] 2025-07-05T23:07:14.681Z: 🎯 Сделки: 0 | Побед: 0 | Поражений: 0
[INFO] 2025-07-05T23:07:14.681Z: 📈 WinRate: 0.0% | Просадка: 0.0%
[INFO] 2025-07-05T23:07:14.681Z: 🔥 Серия побед: 0 | Серия поражений: 0
[INFO] 2025-07-05T23:07:14.681Z: ⏱️ Следующая сделка: 0 минут
[INFO] 2025-07-05T23:07:14.818Z: ⚡ [22м] $100.00 | 0.0% | 0 сделок | WR: 0.0%
[INFO] 2025-07-05T23:07:24.819Z: ⚡ [22м] $100.00 | 0.0% | 0 сделок | WR: 0.0%
[INFO] 2025-07-05T23:07:34.820Z: ⚡ [22м] $100.00 | 0.0% | 0 сделок | WR: 0.0%
[INFO] 2025-07-05T23:07:44.821Z: ⚡ [23м] $100.00 | 0.0% | 0 сделок | WR: 0.0%
[INFO] 2025-07-05T23:07:54.821Z: ⚡ [23м] $100.00 | 0.0% | 0 сделок | WR: 0.0%
[INFO] 2025-07-05T23:08:04.821Z: ⚡ [23м] $100.00 | 0.0% | 0 сделок | WR: 0.0%
[INFO] 2025-07-05T23:08:14.680Z: 📊 === РАСШИРЕННАЯ СТАТИСТИКА [23 минут] ===
[INFO] 2025-07-05T23:08:14.681Z: 💰 Капитал: 100.00 USDT (рост: 0.00%)
[INFO] 2025-07-05T23:08:14.681Z: 🎯 Сделки: 0 | Побед: 0 | Поражений: 0
[INFO] 2025-07-05T23:08:14.681Z: 📈 WinRate: 0.0% | Просадка: 0.0%
[INFO] 2025-07-05T23:08:14.682Z: 🔥 Серия побед: 0 | Серия поражений: 0
[INFO] 2025-07-05T23:08:14.682Z: ⏱️ Следующая сделка: 0 минут
[INFO] 2025-07-05T23:08:14.822Z: ⚡ [23м] $100.00 | 0.0% | 0 сделок | WR: 0.0%
[INFO] 2025-07-05T23:08:24.822Z: ⚡ [23м] $100.00 | 0.0% | 0 сделок | WR: 0.0%
[INFO] 2025-07-05T23:08:34.824Z: ⚡ [23м] $100.00 | 0.0% | 0 сделок | WR: 0.0%
[INFO] 2025-07-05T23:08:44.824Z: ⚡ [24м] $100.00 | 0.0% | 0 сделок | WR: 0.0%
[INFO] 2025-07-05T23:08:54.824Z: ⚡ [24м] $100.00 | 0.0% | 0 сделок | WR: 0.0%
[INFO] 2025-07-05T23:09:04.825Z: ⚡ [24м] $100.00 | 0.0% | 0 сделок | WR: 0.0%
[INFO] 2025-07-05T23:09:14.680Z: 📊 === РАСШИРЕННАЯ СТАТИСТИКА [24 минут] ===
[INFO] 2025-07-05T23:09:14.681Z: 💰 Капитал: 100.00 USDT (рост: 0.00%)
[INFO] 2025-07-05T23:09:14.681Z: 🎯 Сделки: 0 | Побед: 0 | Поражений: 0
[INFO] 2025-07-05T23:09:14.681Z: 📈 WinRate: 0.0% | Просадка: 0.0%
[INFO] 2025-07-05T23:09:14.681Z: 🔥 Серия побед: 0 | Серия поражений: 0
[INFO] 2025-07-05T23:09:14.682Z: ⏱️ Следующая сделка: 0 минут
[INFO] 2025-07-05T23:09:14.826Z: ⚡ [24м] $100.00 | 0.0% | 0 сделок | WR: 0.0%
[INFO] 2025-07-05T23:09:24.827Z: ⚡ [24м] $100.00 | 0.0% | 0 сделок | WR: 0.0%
[INFO] 2025-07-05T23:09:34.828Z: ⚡ [24м] $100.00 | 0.0% | 0 сделок | WR: 0.0%
[INFO] 2025-07-05T23:09:44.829Z: ⚡ [25м] $100.00 | 0.0% | 0 сделок | WR: 0.0%
[INFO] 2025-07-05T23:09:54.829Z: ⚡ [25м] $100.00 | 0.0% | 0 сделок | WR: 0.0%
[INFO] 2025-07-05T23:10:04.830Z: ⚡ [25м] $100.00 | 0.0% | 0 сделок | WR: 0.0%
[INFO] 2025-07-05T23:10:14.680Z: 📊 === РАСШИРЕННАЯ СТАТИСТИКА [25 минут] ===
[INFO] 2025-07-05T23:10:14.681Z: 💰 Капитал: 100.00 USDT (рост: 0.00%)
[INFO] 2025-07-05T23:10:14.682Z: 🎯 Сделки: 0 | Побед: 0 | Поражений: 0
[INFO] 2025-07-05T23:10:14.682Z: 📈 WinRate: 0.0% | Просадка: 0.0%
[INFO] 2025-07-05T23:10:14.682Z: 🔥 Серия побед: 0 | Серия поражений: 0
[INFO] 2025-07-05T23:10:14.683Z: ⏱️ Следующая сделка: 0 минут
[INFO] 2025-07-05T23:10:14.831Z: ⚡ [25м] $100.00 | 0.0% | 0 сделок | WR: 0.0%
[INFO] 2025-07-05T23:10:24.831Z: ⚡ [25м] $100.00 | 0.0% | 0 сделок | WR: 0.0%
[INFO] 2025-07-05T23:10:34.833Z: ⚡ [25м] $100.00 | 0.0% | 0 сделок | WR: 0.0%
[INFO] 2025-07-05T23:10:44.833Z: ⚡ [26м] $100.00 | 0.0% | 0 сделок | WR: 0.0%
[INFO] 2025-07-05T23:10:54.834Z: ⚡ [26м] $100.00 | 0.0% | 0 сделок | WR: 0.0%
[INFO] 2025-07-05T23:11:04.835Z: ⚡ [26м] $100.00 | 0.0% | 0 сделок | WR: 0.0%
[INFO] 2025-07-05T23:11:14.680Z: 📊 === РАСШИРЕННАЯ СТАТИСТИКА [26 минут] ===
[INFO] 2025-07-05T23:11:14.681Z: 💰 Капитал: 100.00 USDT (рост: 0.00%)
[INFO] 2025-07-05T23:11:14.681Z: 🎯 Сделки: 0 | Побед: 0 | Поражений: 0
[INFO] 2025-07-05T23:11:14.681Z: 📈 WinRate: 0.0% | Просадка: 0.0%
[INFO] 2025-07-05T23:11:14.681Z: 🔥 Серия побед: 0 | Серия поражений: 0
[INFO] 2025-07-05T23:11:14.682Z: ⏱️ Следующая сделка: 0 минут
[INFO] 2025-07-05T23:11:14.836Z: ⚡ [26м] $100.00 | 0.0% | 0 сделок | WR: 0.0%
[INFO] 2025-07-05T23:11:24.837Z: ⚡ [26м] $100.00 | 0.0% | 0 сделок | WR: 0.0%
[INFO] 2025-07-05T23:11:34.838Z: ⚡ [26м] $100.00 | 0.0% | 0 сделок | WR: 0.0%
[INFO] 2025-07-05T23:11:44.838Z: ⚡ [27м] $100.00 | 0.0% | 0 сделок | WR: 0.0%
[INFO] 2025-07-05T23:11:54.840Z: ⚡ [27м] $100.00 | 0.0% | 0 сделок | WR: 0.0%
[INFO] 2025-07-05T23:12:04.842Z: ⚡ [27м] $100.00 | 0.0% | 0 сделок | WR: 0.0%
[INFO] 2025-07-05T23:12:14.681Z: 📊 === РАСШИРЕННАЯ СТАТИСТИКА [27 минут] ===
[INFO] 2025-07-05T23:12:14.682Z: 💰 Капитал: 100.00 USDT (рост: 0.00%)
[INFO] 2025-07-05T23:12:14.682Z: 🎯 Сделки: 0 | Побед: 0 | Поражений: 0
[INFO] 2025-07-05T23:12:14.682Z: 📈 WinRate: 0.0% | Просадка: 0.0%
[INFO] 2025-07-05T23:12:14.682Z: 🔥 Серия побед: 0 | Серия поражений: 0
[INFO] 2025-07-05T23:12:14.683Z: ⏱️ Следующая сделка: 0 минут
[INFO] 2025-07-05T23:12:14.842Z: ⚡ [27м] $100.00 | 0.0% | 0 сделок | WR: 0.0%
[INFO] 2025-07-05T23:12:24.843Z: ⚡ [27м] $100.00 | 0.0% | 0 сделок | WR: 0.0%
[INFO] 2025-07-05T23:12:34.844Z: ⚡ [27м] $100.00 | 0.0% | 0 сделок | WR: 0.0%
[INFO] 2025-07-05T23:12:44.844Z: ⚡ [28м] $100.00 | 0.0% | 0 сделок | WR: 0.0%
[INFO] 2025-07-05T23:12:54.845Z: ⚡ [28м] $100.00 | 0.0% | 0 сделок | WR: 0.0%
[INFO] 2025-07-05T23:13:04.846Z: ⚡ [28м] $100.00 | 0.0% | 0 сделок | WR: 0.0%
[INFO] 2025-07-05T23:13:14.680Z: 📊 === РАСШИРЕННАЯ СТАТИСТИКА [28 минут] ===
[INFO] 2025-07-05T23:13:14.681Z: 💰 Капитал: 100.00 USDT (рост: 0.00%)
[INFO] 2025-07-05T23:13:14.681Z: 🎯 Сделки: 0 | Побед: 0 | Поражений: 0
[INFO] 2025-07-05T23:13:14.681Z: 📈 WinRate: 0.0% | Просадка: 0.0%
[INFO] 2025-07-05T23:13:14.681Z: 🔥 Серия побед: 0 | Серия поражений: 0
[INFO] 2025-07-05T23:13:14.681Z: ⏱️ Следующая сделка: 0 минут
[INFO] 2025-07-05T23:13:14.847Z: ⚡ [28м] $100.00 | 0.0% | 0 сделок | WR: 0.0%
[INFO] 2025-07-05T23:13:24.847Z: ⚡ [28м] $100.00 | 0.0% | 0 сделок | WR: 0.0%
[INFO] 2025-07-05T23:13:34.848Z: ⚡ [28м] $100.00 | 0.0% | 0 сделок | WR: 0.0%
[INFO] 2025-07-05T23:13:44.853Z: ⚡ [29м] $100.00 | 0.0% | 0 сделок | WR: 0.0%
[INFO] 2025-07-05T23:13:54.853Z: ⚡ [29м] $100.00 | 0.0% | 0 сделок | WR: 0.0%
[INFO] 2025-07-05T23:14:04.852Z: ⚡ [29м] $100.00 | 0.0% | 0 сделок | WR: 0.0%
[INFO] 2025-07-05T23:14:14.680Z: 📊 === РАСШИРЕННАЯ СТАТИСТИКА [29 минут] ===
[INFO] 2025-07-05T23:14:14.680Z: 💰 Капитал: 100.00 USDT (рост: 0.00%)
[INFO] 2025-07-05T23:14:14.681Z: 🎯 Сделки: 0 | Побед: 0 | Поражений: 0
[INFO] 2025-07-05T23:14:14.681Z: 📈 WinRate: 0.0% | Просадка: 0.0%
[INFO] 2025-07-05T23:14:14.681Z: 🔥 Серия побед: 0 | Серия поражений: 0
[INFO] 2025-07-05T23:14:14.682Z: ⏱️ Следующая сделка: 0 минут
[INFO] 2025-07-05T23:14:14.853Z: ⚡ [29м] $100.00 | 0.0% | 0 сделок | WR: 0.0%
[INFO] 2025-07-05T23:14:24.854Z: ⚡ [29м] $100.00 | 0.0% | 0 сделок | WR: 0.0%
[INFO] 2025-07-05T23:14:34.854Z: ⚡ [29м] $100.00 | 0.0% | 0 сделок | WR: 0.0%
[INFO] 2025-07-05T23:14:44.856Z: ⚡ [30м] $100.00 | 0.0% | 0 сделок | WR: 0.0%
[INFO] 2025-07-05T23:14:54.856Z: ⚡ [30м] $100.00 | 0.0% | 0 сделок | WR: 0.0%
[INFO] 2025-07-05T23:15:04.857Z: ⚡ [30м] $100.00 | 0.0% | 0 сделок | WR: 0.0%
[INFO] 2025-07-05T23:15:14.659Z: 📊 === РАСШИРЕННАЯ СТАТИСТИКА [30 минут] ===
[INFO] 2025-07-05T23:15:14.659Z: 💰 Капитал: 100.00 USDT (рост: 0.00%)
[INFO] 2025-07-05T23:15:14.659Z: 🎯 Сделки: 0 | Побед: 0 | Поражений: 0
[INFO] 2025-07-05T23:15:14.659Z: 📈 WinRate: 0.0% | Просадка: 0.0%
[INFO] 2025-07-05T23:15:14.660Z: 🔥 Серия побед: 0 | Серия поражений: 0
[INFO] 2025-07-05T23:15:14.660Z: ⏱️ Следующая сделка: 0 минут
[INFO] 2025-07-05T23:15:14.835Z: ⚡ [30м] $100.00 | 0.0% | 0 сделок | WR: 0.0%
[INFO] 2025-07-05T23:15:24.824Z: ⚡ [30м] $100.00 | 0.0% | 0 сделок | WR: 0.0%
[INFO] 2025-07-05T23:15:34.819Z: ⚡ [30м] $100.00 | 0.0% | 0 сделок | WR: 0.0%
[INFO] 2025-07-05T23:15:44.816Z: ⚡ [31м] $100.00 | 0.0% | 0 сделок | WR: 0.0%
[INFO] 2025-07-05T23:15:54.815Z: ⚡ [31м] $100.00 | 0.0% | 0 сделок | WR: 0.0%
[INFO] 2025-07-05T23:16:04.815Z: ⚡ [31м] $100.00 | 0.0% | 0 сделок | WR: 0.0%
[INFO] 2025-07-05T23:16:14.634Z: 📊 === РАСШИРЕННАЯ СТАТИСТИКА [31 минут] ===
[INFO] 2025-07-05T23:16:14.635Z: 💰 Капитал: 100.00 USDT (рост: 0.00%)
[INFO] 2025-07-05T23:16:14.635Z: 🎯 Сделки: 0 | Побед: 0 | Поражений: 0
[INFO] 2025-07-05T23:16:14.635Z: 📈 WinRate: 0.0% | Просадка: 0.0%
[INFO] 2025-07-05T23:16:14.636Z: 🔥 Серия побед: 0 | Серия поражений: 0
[INFO] 2025-07-05T23:16:14.636Z: ⏱️ Следующая сделка: 0 минут
[INFO] 2025-07-05T23:16:14.816Z: ⚡ [31м] $100.00 | 0.0% | 0 сделок | WR: 0.0%
[INFO] 2025-07-05T23:16:24.816Z: ⚡ [31м] $100.00 | 0.0% | 0 сделок | WR: 0.0%
[INFO] 2025-07-05T23:16:34.817Z: ⚡ [31м] $100.00 | 0.0% | 0 сделок | WR: 0.0%
[INFO] 2025-07-05T23:16:44.817Z: ⚡ [32м] $100.00 | 0.0% | 0 сделок | WR: 0.0%
[INFO] 2025-07-05T23:16:54.818Z: ⚡ [32м] $100.00 | 0.0% | 0 сделок | WR: 0.0%
[INFO] 2025-07-05T23:17:04.819Z: ⚡ [32м] $100.00 | 0.0% | 0 сделок | WR: 0.0%
[INFO] 2025-07-05T23:17:14.633Z: 📊 === РАСШИРЕННАЯ СТАТИСТИКА [32 минут] ===
[INFO] 2025-07-05T23:17:14.633Z: 💰 Капитал: 100.00 USDT (рост: 0.00%)
[INFO] 2025-07-05T23:17:14.633Z: 🎯 Сделки: 0 | Побед: 0 | Поражений: 0
[INFO] 2025-07-05T23:17:14.634Z: 📈 WinRate: 0.0% | Просадка: 0.0%
[INFO] 2025-07-05T23:17:14.634Z: 🔥 Серия побед: 0 | Серия поражений: 0
[INFO] 2025-07-05T23:17:14.634Z: ⏱️ Следующая сделка: 0 минут
[INFO] 2025-07-05T23:17:14.820Z: ⚡ [32м] $100.00 | 0.0% | 0 сделок | WR: 0.0%
[INFO] 2025-07-05T23:17:24.820Z: ⚡ [32м] $100.00 | 0.0% | 0 сделок | WR: 0.0%
[INFO] 2025-07-05T23:17:34.822Z: ⚡ [32м] $100.00 | 0.0% | 0 сделок | WR: 0.0%
[INFO] 2025-07-05T23:17:44.823Z: ⚡ [33м] $100.00 | 0.0% | 0 сделок | WR: 0.0%
[INFO] 2025-07-05T23:17:54.824Z: ⚡ [33м] $100.00 | 0.0% | 0 сделок | WR: 0.0%
[INFO] 2025-07-05T23:18:04.824Z: ⚡ [33м] $100.00 | 0.0% | 0 сделок | WR: 0.0%
[INFO] 2025-07-05T23:18:14.633Z: 📊 === РАСШИРЕННАЯ СТАТИСТИКА [33 минут] ===
[INFO] 2025-07-05T23:18:14.634Z: 💰 Капитал: 100.00 USDT (рост: 0.00%)
[INFO] 2025-07-05T23:18:14.634Z: 🎯 Сделки: 0 | Побед: 0 | Поражений: 0
[INFO] 2025-07-05T23:18:14.634Z: 📈 WinRate: 0.0% | Просадка: 0.0%
[INFO] 2025-07-05T23:18:14.634Z: 🔥 Серия побед: 0 | Серия поражений: 0
[INFO] 2025-07-05T23:18:14.635Z: ⏱️ Следующая сделка: 0 минут
[INFO] 2025-07-05T23:18:14.824Z: ⚡ [33м] $100.00 | 0.0% | 0 сделок | WR: 0.0%
[INFO] 2025-07-05T23:18:24.825Z: ⚡ [33м] $100.00 | 0.0% | 0 сделок | WR: 0.0%
[INFO] 2025-07-05T23:18:34.826Z: ⚡ [33м] $100.00 | 0.0% | 0 сделок | WR: 0.0%
[INFO] 2025-07-05T23:18:44.827Z: ⚡ [34м] $100.00 | 0.0% | 0 сделок | WR: 0.0%
[INFO] 2025-07-05T23:18:54.827Z: ⚡ [34м] $100.00 | 0.0% | 0 сделок | WR: 0.0%
[INFO] 2025-07-05T23:19:04.828Z: ⚡ [34м] $100.00 | 0.0% | 0 сделок | WR: 0.0%
[INFO] 2025-07-05T23:19:14.634Z: 📊 === РАСШИРЕННАЯ СТАТИСТИКА [34 минут] ===
[INFO] 2025-07-05T23:19:14.634Z: 💰 Капитал: 100.00 USDT (рост: 0.00%)
[INFO] 2025-07-05T23:19:14.635Z: 🎯 Сделки: 0 | Побед: 0 | Поражений: 0
[INFO] 2025-07-05T23:19:14.635Z: 📈 WinRate: 0.0% | Просадка: 0.0%
[INFO] 2025-07-05T23:19:14.635Z: 🔥 Серия побед: 0 | Серия поражений: 0
[INFO] 2025-07-05T23:19:14.635Z: ⏱️ Следующая сделка: 0 минут
[INFO] 2025-07-05T23:19:14.828Z: ⚡ [34м] $100.00 | 0.0% | 0 сделок | WR: 0.0%
[INFO] 2025-07-05T23:19:24.828Z: ⚡ [34м] $100.00 | 0.0% | 0 сделок | WR: 0.0%
[INFO] 2025-07-05T23:19:34.829Z: ⚡ [34м] $100.00 | 0.0% | 0 сделок | WR: 0.0%
[INFO] 2025-07-05T23:19:44.829Z: ⚡ [35м] $100.00 | 0.0% | 0 сделок | WR: 0.0%
[INFO] 2025-07-05T23:19:54.830Z: ⚡ [35м] $100.00 | 0.0% | 0 сделок | WR: 0.0%
[INFO] 2025-07-05T23:20:04.831Z: ⚡ [35м] $100.00 | 0.0% | 0 сделок | WR: 0.0%
[INFO] 2025-07-05T23:20:14.633Z: 📊 === РАСШИРЕННАЯ СТАТИСТИКА [35 минут] ===
[INFO] 2025-07-05T23:20:14.634Z: 💰 Капитал: 100.00 USDT (рост: 0.00%)
[INFO] 2025-07-05T23:20:14.634Z: 🎯 Сделки: 0 | Побед: 0 | Поражений: 0
[INFO] 2025-07-05T23:20:14.635Z: 📈 WinRate: 0.0% | Просадка: 0.0%
[INFO] 2025-07-05T23:20:14.635Z: 🔥 Серия побед: 0 | Серия поражений: 0
[INFO] 2025-07-05T23:20:14.635Z: ⏱️ Следующая сделка: 0 минут
[INFO] 2025-07-05T23:20:14.831Z: ⚡ [35м] $100.00 | 0.0% | 0 сделок | WR: 0.0%
[INFO] 2025-07-05T23:20:24.832Z: ⚡ [35м] $100.00 | 0.0% | 0 сделок | WR: 0.0%
[INFO] 2025-07-05T23:20:34.833Z: ⚡ [35м] $100.00 | 0.0% | 0 сделок | WR: 0.0%
[INFO] 2025-07-05T23:20:44.833Z: ⚡ [36м] $100.00 | 0.0% | 0 сделок | WR: 0.0%
[INFO] 2025-07-05T23:20:54.833Z: ⚡ [36м] $100.00 | 0.0% | 0 сделок | WR: 0.0%
[INFO] 2025-07-05T23:21:04.834Z: ⚡ [36м] $100.00 | 0.0% | 0 сделок | WR: 0.0%
[INFO] 2025-07-05T23:21:14.633Z: 📊 === РАСШИРЕННАЯ СТАТИСТИКА [36 минут] ===
[INFO] 2025-07-05T23:21:14.635Z: 💰 Капитал: 100.00 USDT (рост: 0.00%)
[INFO] 2025-07-05T23:21:14.635Z: 🎯 Сделки: 0 | Побед: 0 | Поражений: 0
[INFO] 2025-07-05T23:21:14.635Z: 📈 WinRate: 0.0% | Просадка: 0.0%
[INFO] 2025-07-05T23:21:14.635Z: 🔥 Серия побед: 0 | Серия поражений: 0
[INFO] 2025-07-05T23:21:14.635Z: ⏱️ Следующая сделка: 0 минут
[INFO] 2025-07-05T23:21:14.835Z: ⚡ [36м] $100.00 | 0.0% | 0 сделок | WR: 0.0%
[INFO] 2025-07-05T23:21:24.835Z: ⚡ [36м] $100.00 | 0.0% | 0 сделок | WR: 0.0%
[INFO] 2025-07-05T23:21:34.836Z: ⚡ [36м] $100.00 | 0.0% | 0 сделок | WR: 0.0%
[INFO] 2025-07-05T23:21:44.837Z: ⚡ [37м] $100.00 | 0.0% | 0 сделок | WR: 0.0%
[INFO] 2025-07-05T23:21:54.837Z: ⚡ [37м] $100.00 | 0.0% | 0 сделок | WR: 0.0%
[INFO] 2025-07-05T23:22:04.839Z: ⚡ [37м] $100.00 | 0.0% | 0 сделок | WR: 0.0%
[INFO] 2025-07-05T23:22:14.633Z: 📊 === РАСШИРЕННАЯ СТАТИСТИКА [37 минут] ===
[INFO] 2025-07-05T23:22:14.634Z: 💰 Капитал: 100.00 USDT (рост: 0.00%)
[INFO] 2025-07-05T23:22:14.634Z: 🎯 Сделки: 0 | Побед: 0 | Поражений: 0
[INFO] 2025-07-05T23:22:14.635Z: 📈 WinRate: 0.0% | Просадка: 0.0%
[INFO] 2025-07-05T23:22:14.635Z: 🔥 Серия побед: 0 | Серия поражений: 0
[INFO] 2025-07-05T23:22:14.635Z: ⏱️ Следующая сделка: 0 минут
[INFO] 2025-07-05T23:22:14.839Z: ⚡ [37м] $100.00 | 0.0% | 0 сделок | WR: 0.0%
[INFO] 2025-07-05T23:22:24.840Z: ⚡ [37м] $100.00 | 0.0% | 0 сделок | WR: 0.0%
[INFO] 2025-07-05T23:22:34.840Z: ⚡ [37м] $100.00 | 0.0% | 0 сделок | WR: 0.0%
[INFO] 2025-07-05T23:22:44.841Z: ⚡ [38м] $100.00 | 0.0% | 0 сделок | WR: 0.0%
[INFO] 2025-07-05T23:22:54.842Z: ⚡ [38м] $100.00 | 0.0% | 0 сделок | WR: 0.0%
[INFO] 2025-07-05T23:23:04.842Z: ⚡ [38м] $100.00 | 0.0% | 0 сделок | WR: 0.0%
[INFO] 2025-07-05T23:23:14.632Z: 📊 === РАСШИРЕННАЯ СТАТИСТИКА [38 минут] ===
[INFO] 2025-07-05T23:23:14.633Z: 💰 Капитал: 100.00 USDT (рост: 0.00%)
[INFO] 2025-07-05T23:23:14.633Z: 🎯 Сделки: 0 | Побед: 0 | Поражений: 0
[INFO] 2025-07-05T23:23:14.634Z: 📈 WinRate: 0.0% | Просадка: 0.0%
[INFO] 2025-07-05T23:23:14.634Z: 🔥 Серия побед: 0 | Серия поражений: 0
[INFO] 2025-07-05T23:23:14.634Z: ⏱️ Следующая сделка: 0 минут
[INFO] 2025-07-05T23:23:14.843Z: ⚡ [38м] $100.00 | 0.0% | 0 сделок | WR: 0.0%
[INFO] 2025-07-05T23:23:24.844Z: ⚡ [38м] $100.00 | 0.0% | 0 сделок | WR: 0.0%
[INFO] 2025-07-05T23:23:34.845Z: ⚡ [38м] $100.00 | 0.0% | 0 сделок | WR: 0.0%
[INFO] 2025-07-05T23:23:44.846Z: ⚡ [39м] $100.00 | 0.0% | 0 сделок | WR: 0.0%
[INFO] 2025-07-05T23:23:54.847Z: ⚡ [39м] $100.00 | 0.0% | 0 сделок | WR: 0.0%
[INFO] 2025-07-05T23:24:04.848Z: ⚡ [39м] $100.00 | 0.0% | 0 сделок | WR: 0.0%
[INFO] 2025-07-05T23:24:14.632Z: 📊 === РАСШИРЕННАЯ СТАТИСТИКА [39 минут] ===
[INFO] 2025-07-05T23:24:14.633Z: 💰 Капитал: 100.00 USDT (рост: 0.00%)
[INFO] 2025-07-05T23:24:14.633Z: 🎯 Сделки: 0 | Побед: 0 | Поражений: 0
[INFO] 2025-07-05T23:24:14.633Z: 📈 WinRate: 0.0% | Просадка: 0.0%
[INFO] 2025-07-05T23:24:14.634Z: 🔥 Серия побед: 0 | Серия поражений: 0
[INFO] 2025-07-05T23:24:14.634Z: ⏱️ Следующая сделка: 0 минут
[INFO] 2025-07-05T23:24:14.849Z: ⚡ [39м] $100.00 | 0.0% | 0 сделок | WR: 0.0%
[INFO] 2025-07-05T23:24:24.849Z: ⚡ [39м] $100.00 | 0.0% | 0 сделок | WR: 0.0%
[INFO] 2025-07-05T23:24:34.851Z: ⚡ [39м] $100.00 | 0.0% | 0 сделок | WR: 0.0%
[INFO] 2025-07-05T23:24:44.851Z: ⚡ [40м] $100.00 | 0.0% | 0 сделок | WR: 0.0%
[INFO] 2025-07-05T23:24:54.852Z: ⚡ [40м] $100.00 | 0.0% | 0 сделок | WR: 0.0%
[INFO] 2025-07-05T23:25:04.853Z: ⚡ [40м] $100.00 | 0.0% | 0 сделок | WR: 0.0%
[INFO] 2025-07-05T23:25:14.631Z: 📊 === РАСШИРЕННАЯ СТАТИСТИКА [40 минут] ===
[INFO] 2025-07-05T23:25:14.633Z: 💰 Капитал: 100.00 USDT (рост: 0.00%)
[INFO] 2025-07-05T23:25:14.633Z: 🎯 Сделки: 0 | Побед: 0 | Поражений: 0
[INFO] 2025-07-05T23:25:14.633Z: 📈 WinRate: 0.0% | Просадка: 0.0%
[INFO] 2025-07-05T23:25:14.633Z: 🔥 Серия побед: 0 | Серия поражений: 0
[INFO] 2025-07-05T23:25:14.633Z: ⏱️ Следующая сделка: 0 минут
[INFO] 2025-07-05T23:25:14.853Z: ⚡ [40м] $100.00 | 0.0% | 0 сделок | WR: 0.0%
[INFO] 2025-07-05T23:25:24.855Z: ⚡ [40м] $100.00 | 0.0% | 0 сделок | WR: 0.0%
[INFO] 2025-07-05T23:25:34.855Z: ⚡ [40м] $100.00 | 0.0% | 0 сделок | WR: 0.0%
[INFO] 2025-07-05T23:25:44.856Z: ⚡ [41м] $100.00 | 0.0% | 0 сделок | WR: 0.0%
[INFO] 2025-07-05T23:25:54.856Z: ⚡ [41м] $100.00 | 0.0% | 0 сделок | WR: 0.0%
[INFO] 2025-07-05T23:26:04.857Z: ⚡ [41м] $100.00 | 0.0% | 0 сделок | WR: 0.0%
[INFO] 2025-07-05T23:26:14.631Z: 📊 === РАСШИРЕННАЯ СТАТИСТИКА [41 минут] ===
[INFO] 2025-07-05T23:26:14.632Z: 💰 Капитал: 100.00 USDT (рост: 0.00%)
[INFO] 2025-07-05T23:26:14.632Z: 🎯 Сделки: 0 | Побед: 0 | Поражений: 0
[INFO] 2025-07-05T23:26:14.633Z: 📈 WinRate: 0.0% | Просадка: 0.0%
[INFO] 2025-07-05T23:26:14.633Z: 🔥 Серия побед: 0 | Серия поражений: 0
[INFO] 2025-07-05T23:26:14.633Z: ⏱️ Следующая сделка: 0 минут
[INFO] 2025-07-05T23:26:14.859Z: ⚡ [41м] $100.00 | 0.0% | 0 сделок | WR: 0.0%
[INFO] 2025-07-05T23:26:24.859Z: ⚡ [41м] $100.00 | 0.0% | 0 сделок | WR: 0.0%
[INFO] 2025-07-05T23:26:34.860Z: ⚡ [41м] $100.00 | 0.0% | 0 сделок | WR: 0.0%
[INFO] 2025-07-05T23:26:44.860Z: ⚡ [42м] $100.00 | 0.0% | 0 сделок | WR: 0.0%
[INFO] 2025-07-05T23:26:54.861Z: ⚡ [42м] $100.00 | 0.0% | 0 сделок | WR: 0.0%
[INFO] 2025-07-05T23:27:04.863Z: ⚡ [42м] $100.00 | 0.0% | 0 сделок | WR: 0.0%
[INFO] 2025-07-05T23:27:14.632Z: 📊 === РАСШИРЕННАЯ СТАТИСТИКА [42 минут] ===
[INFO] 2025-07-05T23:27:14.633Z: 💰 Капитал: 100.00 USDT (рост: 0.00%)
[INFO] 2025-07-05T23:27:14.633Z: 🎯 Сделки: 0 | Побед: 0 | Поражений: 0
[INFO] 2025-07-05T23:27:14.633Z: 📈 WinRate: 0.0% | Просадка: 0.0%
[INFO] 2025-07-05T23:27:14.634Z: 🔥 Серия побед: 0 | Серия поражений: 0
[INFO] 2025-07-05T23:27:14.634Z: ⏱️ Следующая сделка: 0 минут
[INFO] 2025-07-05T23:27:14.865Z: ⚡ [42м] $100.00 | 0.0% | 0 сделок | WR: 0.0%
[INFO] 2025-07-05T23:27:24.865Z: ⚡ [42м] $100.00 | 0.0% | 0 сделок | WR: 0.0%
[INFO] 2025-07-05T23:27:34.867Z: ⚡ [42м] $100.00 | 0.0% | 0 сделок | WR: 0.0%
[INFO] 2025-07-05T23:27:44.868Z: ⚡ [43м] $100.00 | 0.0% | 0 сделок | WR: 0.0%
[INFO] 2025-07-05T23:27:54.869Z: ⚡ [43м] $100.00 | 0.0% | 0 сделок | WR: 0.0%
[INFO] 2025-07-05T23:28:04.871Z: ⚡ [43м] $100.00 | 0.0% | 0 сделок | WR: 0.0%
[INFO] 2025-07-05T23:28:14.632Z: 📊 === РАСШИРЕННАЯ СТАТИСТИКА [43 минут] ===
[INFO] 2025-07-05T23:28:14.633Z: 💰 Капитал: 100.00 USDT (рост: 0.00%)
[INFO] 2025-07-05T23:28:14.633Z: 🎯 Сделки: 0 | Побед: 0 | Поражений: 0
[INFO] 2025-07-05T23:28:14.633Z: 📈 WinRate: 0.0% | Просадка: 0.0%
[INFO] 2025-07-05T23:28:14.633Z: 🔥 Серия побед: 0 | Серия поражений: 0
[INFO] 2025-07-05T23:28:14.633Z: ⏱️ Следующая сделка: 0 минут
[INFO] 2025-07-05T23:28:14.873Z: ⚡ [43м] $100.00 | 0.0% | 0 сделок | WR: 0.0%
[INFO] 2025-07-05T23:28:24.873Z: ⚡ [43м] $100.00 | 0.0% | 0 сделок | WR: 0.0%
[INFO] 2025-07-05T23:28:34.874Z: ⚡ [43м] $100.00 | 0.0% | 0 сделок | WR: 0.0%
[INFO] 2025-07-05T23:28:44.875Z: ⚡ [44м] $100.00 | 0.0% | 0 сделок | WR: 0.0%
[INFO] 2025-07-05T23:28:54.877Z: ⚡ [44м] $100.00 | 0.0% | 0 сделок | WR: 0.0%
[INFO] 2025-07-05T23:29:04.878Z: ⚡ [44м] $100.00 | 0.0% | 0 сделок | WR: 0.0%
[INFO] 2025-07-05T23:29:14.632Z: 📊 === РАСШИРЕННАЯ СТАТИСТИКА [44 минут] ===
[INFO] 2025-07-05T23:29:14.632Z: 💰 Капитал: 100.00 USDT (рост: 0.00%)
[INFO] 2025-07-05T23:29:14.633Z: 🎯 Сделки: 0 | Побед: 0 | Поражений: 0
[INFO] 2025-07-05T23:29:14.633Z: 📈 WinRate: 0.0% | Просадка: 0.0%
[INFO] 2025-07-05T23:29:14.633Z: 🔥 Серия побед: 0 | Серия поражений: 0
[INFO] 2025-07-05T23:29:14.633Z: ⏱️ Следующая сделка: 0 минут
[INFO] 2025-07-05T23:29:14.880Z: ⚡ [44м] $100.00 | 0.0% | 0 сделок | WR: 0.0%
[INFO] 2025-07-05T23:29:24.881Z: ⚡ [44м] $100.00 | 0.0% | 0 сделок | WR: 0.0%
[INFO] 2025-07-05T23:29:34.883Z: ⚡ [44м] $100.00 | 0.0% | 0 сделок | WR: 0.0%
[INFO] 2025-07-05T23:29:44.885Z: ⚡ [45м] $100.00 | 0.0% | 0 сделок | WR: 0.0%
[INFO] 2025-07-05T23:29:54.887Z: ⚡ [45м] $100.00 | 0.0% | 0 сделок | WR: 0.0%
[INFO] 2025-07-05T23:30:04.889Z: ⚡ [45м] $100.00 | 0.0% | 0 сделок | WR: 0.0%
[INFO] 2025-07-05T23:30:14.626Z: 📊 === РАСШИРЕННАЯ СТАТИСТИКА [45 минут] ===
[INFO] 2025-07-05T23:30:14.626Z: 💰 Капитал: 100.00 USDT (рост: 0.00%)
[INFO] 2025-07-05T23:30:14.627Z: 🎯 Сделки: 0 | Побед: 0 | Поражений: 0
[INFO] 2025-07-05T23:30:14.627Z: 📈 WinRate: 0.0% | Просадка: 0.0%
[INFO] 2025-07-05T23:30:14.627Z: 🔥 Серия побед: 0 | Серия поражений: 0
[INFO] 2025-07-05T23:30:14.627Z: ⏱️ Следующая сделка: 0 минут
[INFO] 2025-07-05T23:30:14.883Z: ⚡ [45м] $100.00 | 0.0% | 0 сделок | WR: 0.0%
[INFO] 2025-07-05T23:30:24.870Z: ⚡ [45м] $100.00 | 0.0% | 0 сделок | WR: 0.0%
[INFO] 2025-07-05T23:30:34.863Z: ⚡ [45м] $100.00 | 0.0% | 0 сделок | WR: 0.0%
[INFO] 2025-07-05T23:30:44.860Z: ⚡ [46м] $100.00 | 0.0% | 0 сделок | WR: 0.0%
[INFO] 2025-07-05T23:30:54.860Z: ⚡ [46м] $100.00 | 0.0% | 0 сделок | WR: 0.0%
[INFO] 2025-07-05T23:31:04.860Z: ⚡ [46м] $100.00 | 0.0% | 0 сделок | WR: 0.0%
[INFO] 2025-07-05T23:31:14.594Z: 📊 === РАСШИРЕННАЯ СТАТИСТИКА [46 минут] ===
[INFO] 2025-07-05T23:31:14.595Z: 💰 Капитал: 100.00 USDT (рост: 0.00%)
[INFO] 2025-07-05T23:31:14.596Z: 🎯 Сделки: 0 | Побед: 0 | Поражений: 0
[INFO] 2025-07-05T23:31:14.596Z: 📈 WinRate: 0.0% | Просадка: 0.0%
[INFO] 2025-07-05T23:31:14.596Z: 🔥 Серия побед: 0 | Серия поражений: 0
[INFO] 2025-07-05T23:31:14.596Z: ⏱️ Следующая сделка: 0 минут
[INFO] 2025-07-05T23:31:14.861Z: ⚡ [46м] $100.00 | 0.0% | 0 сделок | WR: 0.0%
[INFO] 2025-07-05T23:31:24.862Z: ⚡ [46м] $100.00 | 0.0% | 0 сделок | WR: 0.0%
[INFO] 2025-07-05T23:31:34.864Z: ⚡ [46м] $100.00 | 0.0% | 0 сделок | WR: 0.0%
[INFO] 2025-07-05T23:31:44.864Z: ⚡ [47м] $100.00 | 0.0% | 0 сделок | WR: 0.0%
[INFO] 2025-07-05T23:31:54.866Z: ⚡ [47м] $100.00 | 0.0% | 0 сделок | WR: 0.0%
[INFO] 2025-07-05T23:32:04.868Z: ⚡ [47м] $100.00 | 0.0% | 0 сделок | WR: 0.0%
[INFO] 2025-07-05T23:32:14.592Z: 📊 === РАСШИРЕННАЯ СТАТИСТИКА [47 минут] ===
[INFO] 2025-07-05T23:32:14.593Z: 💰 Капитал: 100.00 USDT (рост: 0.00%)
[INFO] 2025-07-05T23:32:14.594Z: 🎯 Сделки: 0 | Побед: 0 | Поражений: 0
[INFO] 2025-07-05T23:32:14.594Z: 📈 WinRate: 0.0% | Просадка: 0.0%
[INFO] 2025-07-05T23:32:14.594Z: 🔥 Серия побед: 0 | Серия поражений: 0
[INFO] 2025-07-05T23:32:14.594Z: ⏱️ Следующая сделка: 0 минут
[INFO] 2025-07-05T23:32:14.870Z: ⚡ [47м] $100.00 | 0.0% | 0 сделок | WR: 0.0%
[INFO] 2025-07-05T23:32:24.870Z: ⚡ [47м] $100.00 | 0.0% | 0 сделок | WR: 0.0%
[INFO] 2025-07-05T23:32:34.871Z: ⚡ [47м] $100.00 | 0.0% | 0 сделок | WR: 0.0%
[INFO] 2025-07-05T23:32:44.872Z: ⚡ [48м] $100.00 | 0.0% | 0 сделок | WR: 0.0%
[INFO] 2025-07-05T23:32:54.873Z: ⚡ [48м] $100.00 | 0.0% | 0 сделок | WR: 0.0%
[INFO] 2025-07-05T23:33:04.875Z: ⚡ [48м] $100.00 | 0.0% | 0 сделок | WR: 0.0%
[INFO] 2025-07-05T23:33:14.592Z: 📊 === РАСШИРЕННАЯ СТАТИСТИКА [48 минут] ===
[INFO] 2025-07-05T23:33:14.592Z: 💰 Капитал: 100.00 USDT (рост: 0.00%)
[INFO] 2025-07-05T23:33:14.593Z: 🎯 Сделки: 0 | Побед: 0 | Поражений: 0
[INFO] 2025-07-05T23:33:14.593Z: 📈 WinRate: 0.0% | Просадка: 0.0%
[INFO] 2025-07-05T23:33:14.593Z: 🔥 Серия побед: 0 | Серия поражений: 0
[INFO] 2025-07-05T23:33:14.593Z: ⏱️ Следующая сделка: 0 минут
[INFO] 2025-07-05T23:33:14.877Z: ⚡ [48м] $100.00 | 0.0% | 0 сделок | WR: 0.0%
[INFO] 2025-07-05T23:33:24.878Z: ⚡ [48м] $100.00 | 0.0% | 0 сделок | WR: 0.0%
[INFO] 2025-07-05T23:33:34.879Z: ⚡ [48м] $100.00 | 0.0% | 0 сделок | WR: 0.0%
[INFO] 2025-07-05T23:33:44.879Z: ⚡ [49м] $100.00 | 0.0% | 0 сделок | WR: 0.0%
[INFO] 2025-07-05T23:33:54.879Z: ⚡ [49м] $100.00 | 0.0% | 0 сделок | WR: 0.0%
[INFO] 2025-07-05T23:34:04.880Z: ⚡ [49м] $100.00 | 0.0% | 0 сделок | WR: 0.0%
[INFO] 2025-07-05T23:34:14.592Z: 📊 === РАСШИРЕННАЯ СТАТИСТИКА [49 минут] ===
[INFO] 2025-07-05T23:34:14.593Z: 💰 Капитал: 100.00 USDT (рост: 0.00%)
[INFO] 2025-07-05T23:34:14.593Z: 🎯 Сделки: 0 | Побед: 0 | Поражений: 0
[INFO] 2025-07-05T23:34:14.593Z: 📈 WinRate: 0.0% | Просадка: 0.0%
[INFO] 2025-07-05T23:34:14.593Z: 🔥 Серия побед: 0 | Серия поражений: 0
[INFO] 2025-07-05T23:34:14.593Z: ⏱️ Следующая сделка: 0 минут
[INFO] 2025-07-05T23:34:14.881Z: ⚡ [49м] $100.00 | 0.0% | 0 сделок | WR: 0.0%
[INFO] 2025-07-05T23:34:24.881Z: ⚡ [49м] $100.00 | 0.0% | 0 сделок | WR: 0.0%
[INFO] 2025-07-05T23:34:34.883Z: ⚡ [49м] $100.00 | 0.0% | 0 сделок | WR: 0.0%
[INFO] 2025-07-05T23:34:44.884Z: ⚡ [50м] $100.00 | 0.0% | 0 сделок | WR: 0.0%
[INFO] 2025-07-05T23:34:54.885Z: ⚡ [50м] $100.00 | 0.0% | 0 сделок | WR: 0.0%
[INFO] 2025-07-05T23:35:04.888Z: ⚡ [50м] $100.00 | 0.0% | 0 сделок | WR: 0.0%
[INFO] 2025-07-05T23:35:14.590Z: 📊 === РАСШИРЕННАЯ СТАТИСТИКА [50 минут] ===
[INFO] 2025-07-05T23:35:14.592Z: 💰 Капитал: 100.00 USDT (рост: 0.00%)
[INFO] 2025-07-05T23:35:14.592Z: 🎯 Сделки: 0 | Побед: 0 | Поражений: 0
[INFO] 2025-07-05T23:35:14.592Z: 📈 WinRate: 0.0% | Просадка: 0.0%
[INFO] 2025-07-05T23:35:14.592Z: 🔥 Серия побед: 0 | Серия поражений: 0
[INFO] 2025-07-05T23:35:14.592Z: ⏱️ Следующая сделка: 0 минут
[INFO] 2025-07-05T23:35:14.889Z: ⚡ [50м] $100.00 | 0.0% | 0 сделок | WR: 0.0%
[INFO] 2025-07-05T23:35:24.890Z: ⚡ [50м] $100.00 | 0.0% | 0 сделок | WR: 0.0%
[INFO] 2025-07-05T23:35:34.893Z: ⚡ [50м] $100.00 | 0.0% | 0 сделок | WR: 0.0%
[INFO] 2025-07-05T23:35:44.893Z: ⚡ [51м] $100.00 | 0.0% | 0 сделок | WR: 0.0%
[INFO] 2025-07-05T23:35:54.893Z: ⚡ [51м] $100.00 | 0.0% | 0 сделок | WR: 0.0%
[INFO] 2025-07-05T23:36:04.893Z: ⚡ [51м] $100.00 | 0.0% | 0 сделок | WR: 0.0%
[INFO] 2025-07-05T23:36:14.590Z: 📊 === РАСШИРЕННАЯ СТАТИСТИКА [51 минут] ===
[INFO] 2025-07-05T23:36:14.591Z: 💰 Капитал: 100.00 USDT (рост: 0.00%)
[INFO] 2025-07-05T23:36:14.591Z: 🎯 Сделки: 0 | Побед: 0 | Поражений: 0
[INFO] 2025-07-05T23:36:14.591Z: 📈 WinRate: 0.0% | Просадка: 0.0%
[INFO] 2025-07-05T23:36:14.591Z: 🔥 Серия побед: 0 | Серия поражений: 0
[INFO] 2025-07-05T23:36:14.591Z: ⏱️ Следующая сделка: 0 минут
[INFO] 2025-07-05T23:36:14.893Z: ⚡ [51м] $100.00 | 0.0% | 0 сделок | WR: 0.0%
[INFO] 2025-07-05T23:36:24.895Z: ⚡ [51м] $100.00 | 0.0% | 0 сделок | WR: 0.0%
[INFO] 2025-07-05T23:36:34.897Z: ⚡ [51м] $100.00 | 0.0% | 0 сделок | WR: 0.0%
[INFO] 2025-07-05T23:36:44.898Z: ⚡ [52м] $100.00 | 0.0% | 0 сделок | WR: 0.0%
[INFO] 2025-07-05T23:36:54.899Z: ⚡ [52м] $100.00 | 0.0% | 0 сделок | WR: 0.0%
[INFO] 2025-07-05T23:37:04.900Z: ⚡ [52м] $100.00 | 0.0% | 0 сделок | WR: 0.0%
[INFO] 2025-07-05T23:37:14.591Z: 📊 === РАСШИРЕННАЯ СТАТИСТИКА [52 минут] ===
[INFO] 2025-07-05T23:37:14.592Z: 💰 Капитал: 100.00 USDT (рост: 0.00%)
[INFO] 2025-07-05T23:37:14.592Z: 🎯 Сделки: 0 | Побед: 0 | Поражений: 0
[INFO] 2025-07-05T23:37:14.592Z: 📈 WinRate: 0.0% | Просадка: 0.0%
[INFO] 2025-07-05T23:37:14.592Z: 🔥 Серия побед: 0 | Серия поражений: 0
[INFO] 2025-07-05T23:37:14.592Z: ⏱️ Следующая сделка: 0 минут
[INFO] 2025-07-05T23:37:14.900Z: ⚡ [52м] $100.00 | 0.0% | 0 сделок | WR: 0.0%
[INFO] 2025-07-05T23:37:24.903Z: ⚡ [52м] $100.00 | 0.0% | 0 сделок | WR: 0.0%
[INFO] 2025-07-05T23:37:34.902Z: ⚡ [52м] $100.00 | 0.0% | 0 сделок | WR: 0.0%
[INFO] 2025-07-05T23:37:44.904Z: ⚡ [53м] $100.00 | 0.0% | 0 сделок | WR: 0.0%
[INFO] 2025-07-05T23:37:54.906Z: ⚡ [53м] $100.00 | 0.0% | 0 сделок | WR: 0.0%
[INFO] 2025-07-05T23:38:04.907Z: ⚡ [53м] $100.00 | 0.0% | 0 сделок | WR: 0.0%
[INFO] 2025-07-05T23:38:14.590Z: 📊 === РАСШИРЕННАЯ СТАТИСТИКА [53 минут] ===
[INFO] 2025-07-05T23:38:14.591Z: 💰 Капитал: 100.00 USDT (рост: 0.00%)
[INFO] 2025-07-05T23:38:14.592Z: 🎯 Сделки: 0 | Побед: 0 | Поражений: 0
[INFO] 2025-07-05T23:38:14.592Z: 📈 WinRate: 0.0% | Просадка: 0.0%
[INFO] 2025-07-05T23:38:14.592Z: 🔥 Серия побед: 0 | Серия поражений: 0
[INFO] 2025-07-05T23:38:14.592Z: ⏱️ Следующая сделка: 0 минут
[INFO] 2025-07-05T23:38:14.910Z: ⚡ [53м] $100.00 | 0.0% | 0 сделок | WR: 0.0%
[INFO] 2025-07-05T23:38:24.911Z: ⚡ [53м] $100.00 | 0.0% | 0 сделок | WR: 0.0%
[INFO] 2025-07-05T23:38:34.911Z: ⚡ [53м] $100.00 | 0.0% | 0 сделок | WR: 0.0%
[INFO] 2025-07-05T23:38:44.914Z: ⚡ [54м] $100.00 | 0.0% | 0 сделок | WR: 0.0%
[INFO] 2025-07-05T23:38:54.915Z: ⚡ [54м] $100.00 | 0.0% | 0 сделок | WR: 0.0%
[INFO] 2025-07-05T23:39:04.917Z: ⚡ [54м] $100.00 | 0.0% | 0 сделок | WR: 0.0%
[INFO] 2025-07-05T23:39:14.591Z: 📊 === РАСШИРЕННАЯ СТАТИСТИКА [54 минут] ===
[INFO] 2025-07-05T23:39:14.591Z: 💰 Капитал: 100.00 USDT (рост: 0.00%)
[INFO] 2025-07-05T23:39:14.591Z: 🎯 Сделки: 0 | Побед: 0 | Поражений: 0
[INFO] 2025-07-05T23:39:14.592Z: 📈 WinRate: 0.0% | Просадка: 0.0%
[INFO] 2025-07-05T23:39:14.592Z: 🔥 Серия побед: 0 | Серия поражений: 0
[INFO] 2025-07-05T23:39:14.592Z: ⏱️ Следующая сделка: 0 минут
[INFO] 2025-07-05T23:39:14.917Z: ⚡ [54м] $100.00 | 0.0% | 0 сделок | WR: 0.0%
[INFO] 2025-07-05T23:39:24.919Z: ⚡ [54м] $100.00 | 0.0% | 0 сделок | WR: 0.0%
[INFO] 2025-07-05T23:39:34.920Z: ⚡ [54м] $100.00 | 0.0% | 0 сделок | WR: 0.0%
[INFO] 2025-07-05T23:39:44.922Z: ⚡ [55м] $100.00 | 0.0% | 0 сделок | WR: 0.0%
[INFO] 2025-07-05T23:39:54.922Z: ⚡ [55м] $100.00 | 0.0% | 0 сделок | WR: 0.0%
[INFO] 2025-07-05T23:40:04.923Z: ⚡ [55м] $100.00 | 0.0% | 0 сделок | WR: 0.0%
[INFO] 2025-07-05T23:40:14.591Z: 📊 === РАСШИРЕННАЯ СТАТИСТИКА [55 минут] ===
[INFO] 2025-07-05T23:40:14.592Z: 💰 Капитал: 100.00 USDT (рост: 0.00%)
[INFO] 2025-07-05T23:40:14.592Z: 🎯 Сделки: 0 | Побед: 0 | Поражений: 0
[INFO] 2025-07-05T23:40:14.592Z: 📈 WinRate: 0.0% | Просадка: 0.0%
[INFO] 2025-07-05T23:40:14.592Z: 🔥 Серия побед: 0 | Серия поражений: 0
[INFO] 2025-07-05T23:40:14.592Z: ⏱️ Следующая сделка: 0 минут
[INFO] 2025-07-05T23:40:14.925Z: ⚡ [55м] $100.00 | 0.0% | 0 сделок | WR: 0.0%
[INFO] 2025-07-05T23:40:24.926Z: ⚡ [55м] $100.00 | 0.0% | 0 сделок | WR: 0.0%
[INFO] 2025-07-05T23:40:34.927Z: ⚡ [55м] $100.00 | 0.0% | 0 сделок | WR: 0.0%
[INFO] 2025-07-05T23:40:44.929Z: ⚡ [56м] $100.00 | 0.0% | 0 сделок | WR: 0.0%
[INFO] 2025-07-05T23:40:54.931Z: ⚡ [56м] $100.00 | 0.0% | 0 сделок | WR: 0.0%
[INFO] 2025-07-05T23:41:04.932Z: ⚡ [56м] $100.00 | 0.0% | 0 сделок | WR: 0.0%
[INFO] 2025-07-05T23:41:14.590Z: 📊 === РАСШИРЕННАЯ СТАТИСТИКА [56 минут] ===
[INFO] 2025-07-05T23:41:14.594Z: 💰 Капитал: 100.00 USDT (рост: 0.00%)
[INFO] 2025-07-05T23:41:14.595Z: 🎯 Сделки: 0 | Побед: 0 | Поражений: 0
[INFO] 2025-07-05T23:41:14.595Z: 📈 WinRate: 0.0% | Просадка: 0.0%
[INFO] 2025-07-05T23:41:14.595Z: 🔥 Серия побед: 0 | Серия поражений: 0
[INFO] 2025-07-05T23:41:14.595Z: ⏱️ Следующая сделка: 0 минут
[INFO] 2025-07-05T23:41:14.934Z: ⚡ [56м] $100.00 | 0.0% | 0 сделок | WR: 0.0%
[INFO] 2025-07-05T23:41:24.937Z: ⚡ [56м] $100.00 | 0.0% | 0 сделок | WR: 0.0%
[INFO] 2025-07-05T23:41:34.938Z: ⚡ [56м] $100.00 | 0.0% | 0 сделок | WR: 0.0%
[INFO] 2025-07-05T23:41:44.940Z: ⚡ [57м] $100.00 | 0.0% | 0 сделок | WR: 0.0%
[INFO] 2025-07-05T23:41:54.942Z: ⚡ [57м] $100.00 | 0.0% | 0 сделок | WR: 0.0%
[INFO] 2025-07-05T23:42:04.942Z: ⚡ [57м] $100.00 | 0.0% | 0 сделок | WR: 0.0%
[INFO] 2025-07-05T23:42:14.591Z: 📊 === РАСШИРЕННАЯ СТАТИСТИКА [57 минут] ===
[INFO] 2025-07-05T23:42:14.592Z: 💰 Капитал: 100.00 USDT (рост: 0.00%)
[INFO] 2025-07-05T23:42:14.592Z: 🎯 Сделки: 0 | Побед: 0 | Поражений: 0
[INFO] 2025-07-05T23:42:14.592Z: 📈 WinRate: 0.0% | Просадка: 0.0%
[INFO] 2025-07-05T23:42:14.592Z: 🔥 Серия побед: 0 | Серия поражений: 0
[INFO] 2025-07-05T23:42:14.592Z: ⏱️ Следующая сделка: 0 минут
[INFO] 2025-07-05T23:42:14.943Z: ⚡ [57м] $100.00 | 0.0% | 0 сделок | WR: 0.0%
[INFO] 2025-07-05T23:42:24.943Z: ⚡ [57м] $100.00 | 0.0% | 0 сделок | WR: 0.0%
[INFO] 2025-07-05T23:42:34.945Z: ⚡ [57м] $100.00 | 0.0% | 0 сделок | WR: 0.0%
[INFO] 2025-07-05T23:42:44.947Z: ⚡ [58м] $100.00 | 0.0% | 0 сделок | WR: 0.0%
[INFO] 2025-07-05T23:42:54.949Z: ⚡ [58м] $100.00 | 0.0% | 0 сделок | WR: 0.0%
[INFO] 2025-07-05T23:43:04.950Z: ⚡ [58м] $100.00 | 0.0% | 0 сделок | WR: 0.0%
[INFO] 2025-07-05T23:43:14.590Z: 📊 === РАСШИРЕННАЯ СТАТИСТИКА [58 минут] ===
[INFO] 2025-07-05T23:43:14.590Z: 💰 Капитал: 100.00 USDT (рост: 0.00%)
[INFO] 2025-07-05T23:43:14.590Z: 🎯 Сделки: 0 | Побед: 0 | Поражений: 0
[INFO] 2025-07-05T23:43:14.591Z: 📈 WinRate: 0.0% | Просадка: 0.0%
[INFO] 2025-07-05T23:43:14.591Z: 🔥 Серия побед: 0 | Серия поражений: 0
[INFO] 2025-07-05T23:43:14.591Z: ⏱️ Следующая сделка: 0 минут
[INFO] 2025-07-05T23:43:14.952Z: ⚡ [58м] $100.00 | 0.0% | 0 сделок | WR: 0.0%
[INFO] 2025-07-05T23:43:24.953Z: ⚡ [58м] $100.00 | 0.0% | 0 сделок | WR: 0.0%
[INFO] 2025-07-05T23:43:34.954Z: ⚡ [58м] $100.00 | 0.0% | 0 сделок | WR: 0.0%
[INFO] 2025-07-05T23:43:44.955Z: ⚡ [59м] $100.00 | 0.0% | 0 сделок | WR: 0.0%
[INFO] 2025-07-05T23:43:54.957Z: ⚡ [59м] $100.00 | 0.0% | 0 сделок | WR: 0.0%
[INFO] 2025-07-05T23:44:04.958Z: ⚡ [59м] $100.00 | 0.0% | 0 сделок | WR: 0.0%
[INFO] 2025-07-05T23:44:14.589Z: 📊 === РАСШИРЕННАЯ СТАТИСТИКА [59 минут] ===
[INFO] 2025-07-05T23:44:14.589Z: 💰 Капитал: 100.00 USDT (рост: 0.00%)
[INFO] 2025-07-05T23:44:14.590Z: 🎯 Сделки: 0 | Побед: 0 | Поражений: 0
[INFO] 2025-07-05T23:44:14.590Z: 📈 WinRate: 0.0% | Просадка: 0.0%
[INFO] 2025-07-05T23:44:14.590Z: 🔥 Серия побед: 0 | Серия поражений: 0
[INFO] 2025-07-05T23:44:14.590Z: ⏱️ Следующая сделка: 0 минут
[INFO] 2025-07-05T23:44:14.958Z: ⚡ [59м] $100.00 | 0.0% | 0 сделок | WR: 0.0%
[INFO] 2025-07-05T23:44:24.958Z: ⚡ [59м] $100.00 | 0.0% | 0 сделок | WR: 0.0%
[INFO] 2025-07-05T23:44:34.960Z: ⚡ [59м] $100.00 | 0.0% | 0 сделок | WR: 0.0%
[INFO] 2025-07-05T23:44:44.960Z: ⚡ [60м] $100.00 | 0.0% | 0 сделок | WR: 0.0%
[INFO] 2025-07-05T23:44:54.959Z: ⚡ [60м] $100.00 | 0.0% | 0 сделок | WR: 0.0%
[INFO] 2025-07-05T23:45:04.960Z: ⚡ [60м] $100.00 | 0.0% | 0 сделок | WR: 0.0%
[INFO] 2025-07-05T23:45:14.590Z: 📊 === РАСШИРЕННАЯ СТАТИСТИКА [60 минут] ===
[INFO] 2025-07-05T23:45:14.592Z: 💰 Капитал: 100.00 USDT (рост: 0.00%)
[INFO] 2025-07-05T23:45:14.592Z: 🎯 Сделки: 0 | Побед: 0 | Поражений: 0
[INFO] 2025-07-05T23:45:14.592Z: 📈 WinRate: 0.0% | Просадка: 0.0%
[INFO] 2025-07-05T23:45:14.592Z: 🔥 Серия побед: 0 | Серия поражений: 0
[INFO] 2025-07-05T23:45:14.592Z: ⏱️ Следующая сделка: 0 минут
[INFO] 2025-07-05T23:45:14.962Z: ⚡ [60м] $100.00 | 0.0% | 0 сделок | WR: 0.0%
[INFO] 2025-07-05T23:45:24.964Z: ⚡ [60м] $100.00 | 0.0% | 0 сделок | WR: 0.0%
[INFO] 2025-07-05T23:45:34.965Z: ⚡ [60м] $100.00 | 0.0% | 0 сделок | WR: 0.0%
[INFO] 2025-07-05T23:45:44.965Z: ⚡ [61м] $100.00 | 0.0% | 0 сделок | WR: 0.0%
[INFO] 2025-07-05T23:45:54.965Z: ⚡ [61м] $100.00 | 0.0% | 0 сделок | WR: 0.0%
[INFO] 2025-07-05T23:46:04.968Z: ⚡ [61м] $100.00 | 0.0% | 0 сделок | WR: 0.0%
[INFO] 2025-07-05T23:46:14.590Z: 📊 === РАСШИРЕННАЯ СТАТИСТИКА [61 минут] ===
[INFO] 2025-07-05T23:46:14.591Z: 💰 Капитал: 100.00 USDT (рост: 0.00%)
[INFO] 2025-07-05T23:46:14.591Z: 🎯 Сделки: 0 | Побед: 0 | Поражений: 0
[INFO] 2025-07-05T23:46:14.592Z: 📈 WinRate: 0.0% | Просадка: 0.0%
[INFO] 2025-07-05T23:46:14.592Z: 🔥 Серия побед: 0 | Серия поражений: 0
[INFO] 2025-07-05T23:46:14.593Z: ⏱️ Следующая сделка: 0 минут
[INFO] 2025-07-05T23:46:14.969Z: ⚡ [61м] $100.00 | 0.0% | 0 сделок | WR: 0.0%
[INFO] 2025-07-05T23:46:24.971Z: ⚡ [61м] $100.00 | 0.0% | 0 сделок | WR: 0.0%
[INFO] 2025-07-05T23:46:34.973Z: ⚡ [61м] $100.00 | 0.0% | 0 сделок | WR: 0.0%
[INFO] 2025-07-05T23:46:44.974Z: ⚡ [62м] $100.00 | 0.0% | 0 сделок | WR: 0.0%
[INFO] 2025-07-05T23:46:54.976Z: ⚡ [62м] $100.00 | 0.0% | 0 сделок | WR: 0.0%
[INFO] 2025-07-05T23:47:04.978Z: ⚡ [62м] $100.00 | 0.0% | 0 сделок | WR: 0.0%
[INFO] 2025-07-05T23:47:14.591Z: 📊 === РАСШИРЕННАЯ СТАТИСТИКА [62 минут] ===
[INFO] 2025-07-05T23:47:14.592Z: 💰 Капитал: 100.00 USDT (рост: 0.00%)
[INFO] 2025-07-05T23:47:14.592Z: 🎯 Сделки: 0 | Побед: 0 | Поражений: 0
[INFO] 2025-07-05T23:47:14.592Z: 📈 WinRate: 0.0% | Просадка: 0.0%
[INFO] 2025-07-05T23:47:14.592Z: 🔥 Серия побед: 0 | Серия поражений: 0
[INFO] 2025-07-05T23:47:14.592Z: ⏱️ Следующая сделка: 0 минут
[INFO] 2025-07-05T23:47:14.979Z: ⚡ [62м] $100.00 | 0.0% | 0 сделок | WR: 0.0%
[INFO] 2025-07-05T23:47:24.981Z: ⚡ [62м] $100.00 | 0.0% | 0 сделок | WR: 0.0%
[INFO] 2025-07-05T23:47:34.983Z: ⚡ [62м] $100.00 | 0.0% | 0 сделок | WR: 0.0%
[INFO] 2025-07-05T23:47:44.983Z: ⚡ [63м] $100.00 | 0.0% | 0 сделок | WR: 0.0%
[INFO] 2025-07-05T23:47:54.984Z: ⚡ [63м] $100.00 | 0.0% | 0 сделок | WR: 0.0%
[INFO] 2025-07-05T23:48:04.985Z: ⚡ [63м] $100.00 | 0.0% | 0 сделок | WR: 0.0%
[INFO] 2025-07-05T23:48:14.591Z: 📊 === РАСШИРЕННАЯ СТАТИСТИКА [63 минут] ===
[INFO] 2025-07-05T23:48:14.591Z: 💰 Капитал: 100.00 USDT (рост: 0.00%)
[INFO] 2025-07-05T23:48:14.592Z: 🎯 Сделки: 0 | Побед: 0 | Поражений: 0
[INFO] 2025-07-05T23:48:14.592Z: 📈 WinRate: 0.0% | Просадка: 0.0%
[INFO] 2025-07-05T23:48:14.592Z: 🔥 Серия побед: 0 | Серия поражений: 0
[INFO] 2025-07-05T23:48:14.592Z: ⏱️ Следующая сделка: 0 минут
[INFO] 2025-07-05T23:48:14.985Z: ⚡ [63м] $100.00 | 0.0% | 0 сделок | WR: 0.0%
[INFO] 2025-07-05T23:48:24.986Z: ⚡ [63м] $100.00 | 0.0% | 0 сделок | WR: 0.0%
[INFO] 2025-07-05T23:48:34.987Z: ⚡ [63м] $100.00 | 0.0% | 0 сделок | WR: 0.0%
[INFO] 2025-07-05T23:48:45.043Z: ⚡ [64м] $100.00 | 0.0% | 0 сделок | WR: 0.0%
[INFO] 2025-07-05T23:48:55.045Z: ⚡ [64м] $100.00 | 0.0% | 0 сделок | WR: 0.0%
[INFO] 2025-07-05T23:49:05.047Z: ⚡ [64м] $100.00 | 0.0% | 0 сделок | WR: 0.0%
[INFO] 2025-07-05T23:49:14.646Z: 📊 === РАСШИРЕННАЯ СТАТИСТИКА [64 минут] ===
[INFO] 2025-07-05T23:49:14.646Z: 💰 Капитал: 100.00 USDT (рост: 0.00%)
[INFO] 2025-07-05T23:49:14.647Z: 🎯 Сделки: 0 | Побед: 0 | Поражений: 0
[INFO] 2025-07-05T23:49:14.647Z: 📈 WinRate: 0.0% | Просадка: 0.0%
[INFO] 2025-07-05T23:49:14.647Z: 🔥 Серия побед: 0 | Серия поражений: 0
[INFO] 2025-07-05T23:49:14.647Z: ⏱️ Следующая сделка: 0 минут
[INFO] 2025-07-05T23:49:15.048Z: ⚡ [64м] $100.00 | 0.0% | 0 сделок | WR: 0.0%
[INFO] 2025-07-05T23:49:25.051Z: ⚡ [64м] $100.00 | 0.0% | 0 сделок | WR: 0.0%
[INFO] 2025-07-05T23:49:35.052Z: ⚡ [64м] $100.00 | 0.0% | 0 сделок | WR: 0.0%
[INFO] 2025-07-05T23:49:45.054Z: ⚡ [65м] $100.00 | 0.0% | 0 сделок | WR: 0.0%
[INFO] 2025-07-05T23:49:55.054Z: ⚡ [65м] $100.00 | 0.0% | 0 сделок | WR: 0.0%
[INFO] 2025-07-05T23:50:05.057Z: ⚡ [65м] $100.00 | 0.0% | 0 сделок | WR: 0.0%
[INFO] 2025-07-05T23:50:14.646Z: 📊 === РАСШИРЕННАЯ СТАТИСТИКА [65 минут] ===
[INFO] 2025-07-05T23:50:14.646Z: 💰 Капитал: 100.00 USDT (рост: 0.00%)
[INFO] 2025-07-05T23:50:14.647Z: 🎯 Сделки: 0 | Побед: 0 | Поражений: 0
[INFO] 2025-07-05T23:50:14.647Z: 📈 WinRate: 0.0% | Просадка: 0.0%
[INFO] 2025-07-05T23:50:14.647Z: 🔥 Серия побед: 0 | Серия поражений: 0
[INFO] 2025-07-05T23:50:14.647Z: ⏱️ Следующая сделка: 0 минут
[INFO] 2025-07-05T23:50:15.057Z: ⚡ [65м] $100.00 | 0.0% | 0 сделок | WR: 0.0%
[INFO] 2025-07-05T23:50:25.059Z: ⚡ [65м] $100.00 | 0.0% | 0 сделок | WR: 0.0%
[INFO] 2025-07-05T23:50:35.061Z: ⚡ [65м] $100.00 | 0.0% | 0 сделок | WR: 0.0%
[INFO] 2025-07-05T23:50:45.063Z: ⚡ [66м] $100.00 | 0.0% | 0 сделок | WR: 0.0%
[INFO] 2025-07-05T23:50:55.064Z: ⚡ [66м] $100.00 | 0.0% | 0 сделок | WR: 0.0%
[INFO] 2025-07-05T23:51:05.066Z: ⚡ [66м] $100.00 | 0.0% | 0 сделок | WR: 0.0%
[INFO] 2025-07-05T23:51:14.647Z: 📊 === РАСШИРЕННАЯ СТАТИСТИКА [66 минут] ===
[INFO] 2025-07-05T23:51:14.647Z: 💰 Капитал: 100.00 USDT (рост: 0.00%)
[INFO] 2025-07-05T23:51:14.648Z: 🎯 Сделки: 0 | Побед: 0 | Поражений: 0
[INFO] 2025-07-05T23:51:14.648Z: 📈 WinRate: 0.0% | Просадка: 0.0%
[INFO] 2025-07-05T23:51:14.648Z: 🔥 Серия побед: 0 | Серия поражений: 0
[INFO] 2025-07-05T23:51:14.648Z: ⏱️ Следующая сделка: 0 минут
[INFO] 2025-07-05T23:51:15.067Z: ⚡ [66м] $100.00 | 0.0% | 0 сделок | WR: 0.0%
[INFO] 2025-07-05T23:51:25.070Z: ⚡ [66м] $100.00 | 0.0% | 0 сделок | WR: 0.0%
[INFO] 2025-07-05T23:51:35.072Z: ⚡ [66м] $100.00 | 0.0% | 0 сделок | WR: 0.0%
[INFO] 2025-07-05T23:51:45.073Z: ⚡ [67м] $100.00 | 0.0% | 0 сделок | WR: 0.0%
[INFO] 2025-07-05T23:51:55.075Z: ⚡ [67м] $100.00 | 0.0% | 0 сделок | WR: 0.0%
[INFO] 2025-07-05T23:52:05.077Z: ⚡ [67м] $100.00 | 0.0% | 0 сделок | WR: 0.0%
[INFO] 2025-07-05T23:52:14.647Z: 📊 === РАСШИРЕННАЯ СТАТИСТИКА [67 минут] ===
[INFO] 2025-07-05T23:52:14.647Z: 💰 Капитал: 100.00 USDT (рост: 0.00%)
[INFO] 2025-07-05T23:52:14.648Z: 🎯 Сделки: 0 | Побед: 0 | Поражений: 0
[INFO] 2025-07-05T23:52:14.648Z: 📈 WinRate: 0.0% | Просадка: 0.0%
[INFO] 2025-07-05T23:52:14.648Z: 🔥 Серия побед: 0 | Серия поражений: 0
[INFO] 2025-07-05T23:52:14.648Z: ⏱️ Следующая сделка: 0 минут
[INFO] 2025-07-05T23:52:15.078Z: ⚡ [67м] $100.00 | 0.0% | 0 сделок | WR: 0.0%
[INFO] 2025-07-05T23:52:25.080Z: ⚡ [67м] $100.00 | 0.0% | 0 сделок | WR: 0.0%
[INFO] 2025-07-05T23:52:35.081Z: ⚡ [67м] $100.00 | 0.0% | 0 сделок | WR: 0.0%
[INFO] 2025-07-05T23:52:45.081Z: ⚡ [68м] $100.00 | 0.0% | 0 сделок | WR: 0.0%
[INFO] 2025-07-05T23:52:55.083Z: ⚡ [68м] $100.00 | 0.0% | 0 сделок | WR: 0.0%
[INFO] 2025-07-05T23:53:05.085Z: ⚡ [68м] $100.00 | 0.0% | 0 сделок | WR: 0.0%
[INFO] 2025-07-05T23:53:14.646Z: 📊 === РАСШИРЕННАЯ СТАТИСТИКА [68 минут] ===
[INFO] 2025-07-05T23:53:14.648Z: 💰 Капитал: 100.00 USDT (рост: 0.00%)
[INFO] 2025-07-05T23:53:14.648Z: 🎯 Сделки: 0 | Побед: 0 | Поражений: 0
[INFO] 2025-07-05T23:53:14.648Z: 📈 WinRate: 0.0% | Просадка: 0.0%
[INFO] 2025-07-05T23:53:14.648Z: 🔥 Серия побед: 0 | Серия поражений: 0
[INFO] 2025-07-05T23:53:14.649Z: ⏱️ Следующая сделка: 0 минут
[INFO] 2025-07-05T23:53:15.086Z: ⚡ [68м] $100.00 | 0.0% | 0 сделок | WR: 0.0%
[INFO] 2025-07-05T23:53:25.088Z: ⚡ [68м] $100.00 | 0.0% | 0 сделок | WR: 0.0%
[INFO] 2025-07-05T23:53:35.090Z: ⚡ [68м] $100.00 | 0.0% | 0 сделок | WR: 0.0%
[INFO] 2025-07-05T23:53:45.091Z: ⚡ [69м] $100.00 | 0.0% | 0 сделок | WR: 0.0%
[INFO] 2025-07-05T23:53:55.093Z: ⚡ [69м] $100.00 | 0.0% | 0 сделок | WR: 0.0%
[INFO] 2025-07-05T23:54:05.095Z: ⚡ [69м] $100.00 | 0.0% | 0 сделок | WR: 0.0%
[INFO] 2025-07-05T23:54:14.646Z: 📊 === РАСШИРЕННАЯ СТАТИСТИКА [69 минут] ===
[INFO] 2025-07-05T23:54:14.647Z: 💰 Капитал: 100.00 USDT (рост: 0.00%)
[INFO] 2025-07-05T23:54:14.648Z: 🎯 Сделки: 0 | Побед: 0 | Поражений: 0
[INFO] 2025-07-05T23:54:14.648Z: 📈 WinRate: 0.0% | Просадка: 0.0%
[INFO] 2025-07-05T23:54:14.648Z: 🔥 Серия побед: 0 | Серия поражений: 0
[INFO] 2025-07-05T23:54:14.648Z: ⏱️ Следующая сделка: 0 минут
[INFO] 2025-07-05T23:54:15.097Z: ⚡ [69м] $100.00 | 0.0% | 0 сделок | WR: 0.0%
[INFO] 2025-07-05T23:54:25.098Z: ⚡ [69м] $100.00 | 0.0% | 0 сделок | WR: 0.0%
[INFO] 2025-07-05T23:54:35.100Z: ⚡ [69м] $100.00 | 0.0% | 0 сделок | WR: 0.0%
[INFO] 2025-07-05T23:54:45.100Z: ⚡ [70м] $100.00 | 0.0% | 0 сделок | WR: 0.0%
[INFO] 2025-07-05T23:54:55.102Z: ⚡ [70м] $100.00 | 0.0% | 0 сделок | WR: 0.0%
[INFO] 2025-07-05T23:55:05.104Z: ⚡ [70м] $100.00 | 0.0% | 0 сделок | WR: 0.0%
[INFO] 2025-07-05T23:55:14.646Z: 📊 === РАСШИРЕННАЯ СТАТИСТИКА [70 минут] ===
[INFO] 2025-07-05T23:55:14.648Z: 💰 Капитал: 100.00 USDT (рост: 0.00%)
[INFO] 2025-07-05T23:55:14.648Z: 🎯 Сделки: 0 | Побед: 0 | Поражений: 0
[INFO] 2025-07-05T23:55:14.648Z: 📈 WinRate: 0.0% | Просадка: 0.0%
[INFO] 2025-07-05T23:55:14.648Z: 🔥 Серия побед: 0 | Серия поражений: 0
[INFO] 2025-07-05T23:55:14.648Z: ⏱️ Следующая сделка: 0 минут
[INFO] 2025-07-05T23:55:15.106Z: ⚡ [70м] $100.00 | 0.0% | 0 сделок | WR: 0.0%
[INFO] 2025-07-05T23:55:25.107Z: ⚡ [70м] $100.00 | 0.0% | 0 сделок | WR: 0.0%
[INFO] 2025-07-05T23:55:35.110Z: ⚡ [70м] $100.00 | 0.0% | 0 сделок | WR: 0.0%
[INFO] 2025-07-05T23:55:45.111Z: ⚡ [71м] $100.00 | 0.0% | 0 сделок | WR: 0.0%
[INFO] 2025-07-05T23:55:55.113Z: ⚡ [71м] $100.00 | 0.0% | 0 сделок | WR: 0.0%
[INFO] 2025-07-05T23:56:05.114Z: ⚡ [71м] $100.00 | 0.0% | 0 сделок | WR: 0.0%
[INFO] 2025-07-05T23:56:14.646Z: 📊 === РАСШИРЕННАЯ СТАТИСТИКА [71 минут] ===
[INFO] 2025-07-05T23:56:14.647Z: 💰 Капитал: 100.00 USDT (рост: 0.00%)
[INFO] 2025-07-05T23:56:14.648Z: 🎯 Сделки: 0 | Побед: 0 | Поражений: 0
[INFO] 2025-07-05T23:56:14.648Z: 📈 WinRate: 0.0% | Просадка: 0.0%
[INFO] 2025-07-05T23:56:14.648Z: 🔥 Серия побед: 0 | Серия поражений: 0
[INFO] 2025-07-05T23:56:14.648Z: ⏱️ Следующая сделка: 0 минут
[INFO] 2025-07-05T23:56:15.115Z: ⚡ [71м] $100.00 | 0.0% | 0 сделок | WR: 0.0%
[INFO] 2025-07-05T23:56:25.117Z: ⚡ [71м] $100.00 | 0.0% | 0 сделок | WR: 0.0%
[INFO] 2025-07-05T23:56:35.119Z: ⚡ [71м] $100.00 | 0.0% | 0 сделок | WR: 0.0%
[INFO] 2025-07-05T23:56:45.122Z: ⚡ [72м] $100.00 | 0.0% | 0 сделок | WR: 0.0%
[INFO] 2025-07-05T23:56:55.123Z: ⚡ [72м] $100.00 | 0.0% | 0 сделок | WR: 0.0%
[INFO] 2025-07-05T23:57:05.123Z: ⚡ [72м] $100.00 | 0.0% | 0 сделок | WR: 0.0%
[INFO] 2025-07-05T23:57:14.647Z: 📊 === РАСШИРЕННАЯ СТАТИСТИКА [72 минут] ===
[INFO] 2025-07-05T23:57:14.649Z: 💰 Капитал: 100.00 USDT (рост: 0.00%)
[INFO] 2025-07-05T23:57:14.649Z: 🎯 Сделки: 0 | Побед: 0 | Поражений: 0
[INFO] 2025-07-05T23:57:14.649Z: 📈 WinRate: 0.0% | Просадка: 0.0%
[INFO] 2025-07-05T23:57:14.649Z: 🔥 Серия побед: 0 | Серия поражений: 0
[INFO] 2025-07-05T23:57:14.650Z: ⏱️ Следующая сделка: 0 минут
[INFO] 2025-07-05T23:57:15.124Z: ⚡ [72м] $100.00 | 0.0% | 0 сделок | WR: 0.0%
[INFO] 2025-07-05T23:57:25.125Z: ⚡ [72м] $100.00 | 0.0% | 0 сделок | WR: 0.0%
[INFO] 2025-07-05T23:57:35.126Z: ⚡ [72м] $100.00 | 0.0% | 0 сделок | WR: 0.0%
[INFO] 2025-07-05T23:57:45.128Z: ⚡ [73м] $100.00 | 0.0% | 0 сделок | WR: 0.0%
[INFO] 2025-07-05T23:57:55.129Z: ⚡ [73м] $100.00 | 0.0% | 0 сделок | WR: 0.0%
[INFO] 2025-07-05T23:58:05.131Z: ⚡ [73м] $100.00 | 0.0% | 0 сделок | WR: 0.0%
[INFO] 2025-07-05T23:58:14.649Z: 📊 === РАСШИРЕННАЯ СТАТИСТИКА [73 минут] ===
[INFO] 2025-07-05T23:58:14.650Z: 💰 Капитал: 100.00 USDT (рост: 0.00%)
[INFO] 2025-07-05T23:58:14.650Z: 🎯 Сделки: 0 | Побед: 0 | Поражений: 0
[INFO] 2025-07-05T23:58:14.651Z: 📈 WinRate: 0.0% | Просадка: 0.0%
[INFO] 2025-07-05T23:58:14.651Z: 🔥 Серия побед: 0 | Серия поражений: 0
[INFO] 2025-07-05T23:58:14.651Z: ⏱️ Следующая сделка: 0 минут
[INFO] 2025-07-05T23:58:15.132Z: ⚡ [73м] $100.00 | 0.0% | 0 сделок | WR: 0.0%
[INFO] 2025-07-05T23:58:25.132Z: ⚡ [73м] $100.00 | 0.0% | 0 сделок | WR: 0.0%
[INFO] 2025-07-05T23:58:35.132Z: ⚡ [73м] $100.00 | 0.0% | 0 сделок | WR: 0.0%
[INFO] 2025-07-05T23:58:45.134Z: ⚡ [74м] $100.00 | 0.0% | 0 сделок | WR: 0.0%
[INFO] 2025-07-05T23:58:55.137Z: ⚡ [74м] $100.00 | 0.0% | 0 сделок | WR: 0.0%
[INFO] 2025-07-05T23:59:05.139Z: ⚡ [74м] $100.00 | 0.0% | 0 сделок | WR: 0.0%
[INFO] 2025-07-05T23:59:14.651Z: 📊 === РАСШИРЕННАЯ СТАТИСТИКА [74 минут] ===
[INFO] 2025-07-05T23:59:14.652Z: 💰 Капитал: 100.00 USDT (рост: 0.00%)
[INFO] 2025-07-05T23:59:14.652Z: 🎯 Сделки: 0 | Побед: 0 | Поражений: 0
[INFO] 2025-07-05T23:59:14.652Z: 📈 WinRate: 0.0% | Просадка: 0.0%
[INFO] 2025-07-05T23:59:14.652Z: 🔥 Серия побед: 0 | Серия поражений: 0
[INFO] 2025-07-05T23:59:14.653Z: ⏱️ Следующая сделка: 0 минут
[INFO] 2025-07-05T23:59:15.141Z: ⚡ [74м] $100.00 | 0.0% | 0 сделок | WR: 0.0%
[INFO] 2025-07-05T23:59:25.143Z: ⚡ [74м] $100.00 | 0.0% | 0 сделок | WR: 0.0%
[INFO] 2025-07-05T23:59:35.142Z: ⚡ [74м] $100.00 | 0.0% | 0 сделок | WR: 0.0%
[INFO] 2025-07-05T23:59:45.143Z: ⚡ [75м] $100.00 | 0.0% | 0 сделок | WR: 0.0%
[INFO] 2025-07-05T23:59:55.144Z: ⚡ [75м] $100.00 | 0.0% | 0 сделок | WR: 0.0%
[INFO] 2025-07-06T00:00:05.146Z: ⚡ [75м] $100.00 | 0.0% | 0 сделок | WR: 0.0%
[INFO] 2025-07-06T00:00:14.652Z: 📊 === РАСШИРЕННАЯ СТАТИСТИКА [75 минут] ===
[INFO] 2025-07-06T00:00:14.654Z: 💰 Капитал: 100.00 USDT (рост: 0.00%)
[INFO] 2025-07-06T00:00:14.654Z: 🎯 Сделки: 0 | Побед: 0 | Поражений: 0
[INFO] 2025-07-06T00:00:14.654Z: 📈 WinRate: 0.0% | Просадка: 0.0%
[INFO] 2025-07-06T00:00:14.654Z: 🔥 Серия побед: 0 | Серия поражений: 0
[INFO] 2025-07-06T00:00:14.654Z: ⏱️ Следующая сделка: 0 минут
[INFO] 2025-07-06T00:00:15.148Z: ⚡ [75м] $100.00 | 0.0% | 0 сделок | WR: 0.0%
[INFO] 2025-07-06T00:00:25.147Z: ⚡ [75м] $100.00 | 0.0% | 0 сделок | WR: 0.0%
[INFO] 2025-07-06T00:00:35.149Z: ⚡ [75м] $100.00 | 0.0% | 0 сделок | WR: 0.0%
[INFO] 2025-07-06T00:00:45.151Z: ⚡ [76м] $100.00 | 0.0% | 0 сделок | WR: 0.0%
[INFO] 2025-07-06T00:00:55.152Z: ⚡ [76м] $100.00 | 0.0% | 0 сделок | WR: 0.0%
[INFO] 2025-07-06T00:01:05.153Z: ⚡ [76м] $100.00 | 0.0% | 0 сделок | WR: 0.0%
[INFO] 2025-07-06T00:01:14.651Z: 📊 === РАСШИРЕННАЯ СТАТИСТИКА [76 минут] ===
[INFO] 2025-07-06T00:01:14.652Z: 💰 Капитал: 100.00 USDT (рост: 0.00%)
[INFO] 2025-07-06T00:01:14.652Z: 🎯 Сделки: 0 | Побед: 0 | Поражений: 0
[INFO] 2025-07-06T00:01:14.652Z: 📈 WinRate: 0.0% | Просадка: 0.0%
[INFO] 2025-07-06T00:01:14.652Z: 🔥 Серия побед: 0 | Серия поражений: 0
[INFO] 2025-07-06T00:01:14.652Z: ⏱️ Следующая сделка: 0 минут
[INFO] 2025-07-06T00:01:15.153Z: ⚡ [76м] $100.00 | 0.0% | 0 сделок | WR: 0.0%
[INFO] 2025-07-06T00:01:25.155Z: ⚡ [76м] $100.00 | 0.0% | 0 сделок | WR: 0.0%
[INFO] 2025-07-06T00:01:35.155Z: ⚡ [76м] $100.00 | 0.0% | 0 сделок | WR: 0.0%
[INFO] 2025-07-06T00:01:45.156Z: ⚡ [77м] $100.00 | 0.0% | 0 сделок | WR: 0.0%
[INFO] 2025-07-06T00:01:55.157Z: ⚡ [77м] $100.00 | 0.0% | 0 сделок | WR: 0.0%
[INFO] 2025-07-06T00:02:05.157Z: ⚡ [77м] $100.00 | 0.0% | 0 сделок | WR: 0.0%
[INFO] 2025-07-06T00:02:14.652Z: 📊 === РАСШИРЕННАЯ СТАТИСТИКА [77 минут] ===
[INFO] 2025-07-06T00:02:14.653Z: 💰 Капитал: 100.00 USDT (рост: 0.00%)
[INFO] 2025-07-06T00:02:14.653Z: 🎯 Сделки: 0 | Побед: 0 | Поражений: 0
[INFO] 2025-07-06T00:02:14.654Z: 📈 WinRate: 0.0% | Просадка: 0.0%
[INFO] 2025-07-06T00:02:14.654Z: 🔥 Серия побед: 0 | Серия поражений: 0
[INFO] 2025-07-06T00:02:14.654Z: ⏱️ Следующая сделка: 0 минут
[INFO] 2025-07-06T00:02:15.158Z: ⚡ [77м] $100.00 | 0.0% | 0 сделок | WR: 0.0%
[INFO] 2025-07-06T00:02:25.158Z: ⚡ [77м] $100.00 | 0.0% | 0 сделок | WR: 0.0%
[INFO] 2025-07-06T00:02:35.159Z: ⚡ [77м] $100.00 | 0.0% | 0 сделок | WR: 0.0%
[INFO] 2025-07-06T00:02:45.160Z: ⚡ [78м] $100.00 | 0.0% | 0 сделок | WR: 0.0%
[INFO] 2025-07-06T00:02:55.161Z: ⚡ [78м] $100.00 | 0.0% | 0 сделок | WR: 0.0%
[INFO] 2025-07-06T00:03:05.162Z: ⚡ [78м] $100.00 | 0.0% | 0 сделок | WR: 0.0%
[INFO] 2025-07-06T00:03:14.652Z: 📊 === РАСШИРЕННАЯ СТАТИСТИКА [78 минут] ===
[INFO] 2025-07-06T00:03:14.653Z: 💰 Капитал: 100.00 USDT (рост: 0.00%)
[INFO] 2025-07-06T00:03:14.653Z: 🎯 Сделки: 0 | Побед: 0 | Поражений: 0
[INFO] 2025-07-06T00:03:14.653Z: 📈 WinRate: 0.0% | Просадка: 0.0%
[INFO] 2025-07-06T00:03:14.653Z: 🔥 Серия побед: 0 | Серия поражений: 0
[INFO] 2025-07-06T00:03:14.654Z: ⏱️ Следующая сделка: 0 минут
[INFO] 2025-07-06T00:03:15.162Z: ⚡ [78м] $100.00 | 0.0% | 0 сделок | WR: 0.0%
[INFO] 2025-07-06T00:03:25.163Z: ⚡ [78м] $100.00 | 0.0% | 0 сделок | WR: 0.0%
[INFO] 2025-07-06T00:03:35.164Z: ⚡ [78м] $100.00 | 0.0% | 0 сделок | WR: 0.0%
[INFO] 2025-07-06T00:03:45.160Z: ⚡ [79м] $100.00 | 0.0% | 0 сделок | WR: 0.0%
[INFO] 2025-07-06T00:21:45.955Z: ⚡ [97м] $100.00 | 0.0% | 0 сделок | WR: 0.0%
[INFO] 2025-07-06T00:21:45.955Z: 📊 === РАСШИРЕННАЯ СТАТИСТИКА [97 минут] ===
[INFO] 2025-07-06T00:21:45.955Z: 💰 Капитал: 100.00 USDT (рост: 0.00%)
[INFO] 2025-07-06T00:21:45.955Z: 🎯 Сделки: 0 | Побед: 0 | Поражений: 0
[INFO] 2025-07-06T00:21:45.955Z: 📈 WinRate: 0.0% | Просадка: 0.0%
[INFO] 2025-07-06T00:21:45.955Z: 🔥 Серия побед: 0 | Серия поражений: 0
[INFO] 2025-07-06T00:21:45.955Z: ⏱️ Следующая сделка: 0 минут
[INFO] 2025-07-06T00:21:55.972Z: ⚡ [97м] $100.00 | 0.0% | 0 сделок | WR: 0.0%
[INFO] 2025-07-06T00:37:29.862Z: ⚡ [112м] $100.00 | 0.0% | 0 сделок | WR: 0.0%
[INFO] 2025-07-06T00:37:29.863Z: 📊 === РАСШИРЕННАЯ СТАТИСТИКА [112 минут] ===
[INFO] 2025-07-06T00:37:29.863Z: 💰 Капитал: 100.00 USDT (рост: 0.00%)
[INFO] 2025-07-06T00:37:29.863Z: 🎯 Сделки: 0 | Побед: 0 | Поражений: 0
[INFO] 2025-07-06T00:37:29.863Z: 📈 WinRate: 0.0% | Просадка: 0.0%
[INFO] 2025-07-06T00:37:29.863Z: 🔥 Серия побед: 0 | Серия поражений: 0
[INFO] 2025-07-06T00:37:29.863Z: ⏱️ Следующая сделка: 0 минут
[INFO] 2025-07-06T00:54:33.481Z: ⚡ [129м] $100.00 | 0.0% | 0 сделок | WR: 0.0%
[INFO] 2025-07-06T00:54:33.481Z: 📊 === РАСШИРЕННАЯ СТАТИСТИКА [129 минут] ===
[INFO] 2025-07-06T00:54:33.481Z: 💰 Капитал: 100.00 USDT (рост: 0.00%)
[INFO] 2025-07-06T00:54:33.481Z: 🎯 Сделки: 0 | Побед: 0 | Поражений: 0
[INFO] 2025-07-06T00:54:33.481Z: 📈 WinRate: 0.0% | Просадка: 0.0%
[INFO] 2025-07-06T00:54:33.481Z: 🔥 Серия побед: 0 | Серия поражений: 0
[INFO] 2025-07-06T00:54:33.481Z: ⏱️ Следующая сделка: 0 минут
[INFO] 2025-07-06T01:11:03.739Z: ⚡ [146м] $100.00 | 0.0% | 0 сделок | WR: 0.0%
[INFO] 2025-07-06T01:11:03.795Z: 📊 === РАСШИРЕННАЯ СТАТИСТИКА [146 минут] ===
[INFO] 2025-07-06T01:11:03.795Z: 💰 Капитал: 100.00 USDT (рост: 0.00%)
[INFO] 2025-07-06T01:11:03.796Z: 🎯 Сделки: 0 | Побед: 0 | Поражений: 0
[INFO] 2025-07-06T01:11:03.796Z: 📈 WinRate: 0.0% | Просадка: 0.0%
[INFO] 2025-07-06T01:11:03.796Z: 🔥 Серия побед: 0 | Серия поражений: 0
[INFO] 2025-07-06T01:11:03.796Z: ⏱️ Следующая сделка: 0 минут
[INFO] 2025-07-06T01:17:29.199Z: ⚡ [152м] $100.00 | 0.0% | 0 сделок | WR: 0.0%
[INFO] 2025-07-06T01:17:29.200Z: 📊 === РАСШИРЕННАЯ СТАТИСТИКА [152 минут] ===
[INFO] 2025-07-06T01:17:29.200Z: 💰 Капитал: 100.00 USDT (рост: 0.00%)
[INFO] 2025-07-06T01:17:29.200Z: 🎯 Сделки: 0 | Побед: 0 | Поражений: 0
[INFO] 2025-07-06T01:17:29.200Z: 📈 WinRate: 0.0% | Просадка: 0.0%
[INFO] 2025-07-06T01:17:29.200Z: 🔥 Серия побед: 0 | Серия поражений: 0
[INFO] 2025-07-06T01:17:29.200Z: ⏱️ Следующая сделка: 0 минут
[INFO] 2025-07-06T01:18:08.387Z: ⚡ [153м] $100.00 | 0.0% | 0 сделок | WR: 0.0%
[INFO] 2025-07-06T01:36:03.458Z: ⚡ [171м] $100.00 | 0.0% | 0 сделок | WR: 0.0%
[INFO] 2025-07-06T01:36:03.458Z: 📊 === РАСШИРЕННАЯ СТАТИСТИКА [171 минут] ===
[INFO] 2025-07-06T01:36:03.459Z: 💰 Капитал: 100.00 USDT (рост: 0.00%)
[INFO] 2025-07-06T01:36:03.459Z: 🎯 Сделки: 0 | Побед: 0 | Поражений: 0
[INFO] 2025-07-06T01:36:03.459Z: 📈 WinRate: 0.0% | Просадка: 0.0%
[INFO] 2025-07-06T01:36:03.459Z: 🔥 Серия побед: 0 | Серия поражений: 0
[INFO] 2025-07-06T01:36:03.459Z: ⏱️ Следующая сделка: 0 минут
[INFO] 2025-07-06T01:52:29.146Z: ⚡ [187м] $100.00 | 0.0% | 0 сделок | WR: 0.0%
[INFO] 2025-07-06T01:52:29.146Z: 📊 === РАСШИРЕННАЯ СТАТИСТИКА [187 минут] ===
[INFO] 2025-07-06T01:52:29.146Z: 💰 Капитал: 100.00 USDT (рост: 0.00%)
[INFO] 2025-07-06T01:52:29.146Z: 🎯 Сделки: 0 | Побед: 0 | Поражений: 0
[INFO] 2025-07-06T01:52:29.146Z: 📈 WinRate: 0.0% | Просадка: 0.0%
[INFO] 2025-07-06T01:52:29.146Z: 🔥 Серия побед: 0 | Серия поражений: 0
[INFO] 2025-07-06T01:52:29.147Z: ⏱️ Следующая сделка: 0 минут
[INFO] 2025-07-06T02:04:42.796Z: ⚡ [199м] $100.00 | 0.0% | 0 сделок | WR: 0.0%
[INFO] 2025-07-06T02:04:42.796Z: 📊 === РАСШИРЕННАЯ СТАТИСТИКА [199 минут] ===
[INFO] 2025-07-06T02:04:42.797Z: 💰 Капитал: 100.00 USDT (рост: 0.00%)
[INFO] 2025-07-06T02:04:42.797Z: 🎯 Сделки: 0 | Побед: 0 | Поражений: 0
[INFO] 2025-07-06T02:04:42.797Z: 📈 WinRate: 0.0% | Просадка: 0.0%
[INFO] 2025-07-06T02:04:42.797Z: 🔥 Серия побед: 0 | Серия поражений: 0
[INFO] 2025-07-06T02:04:42.797Z: ⏱️ Следующая сделка: 0 минут
[INFO] 2025-07-06T02:22:17.238Z: ⚡ [217м] $100.00 | 0.0% | 0 сделок | WR: 0.0%
[INFO] 2025-07-06T02:22:17.238Z: 📊 === РАСШИРЕННАЯ СТАТИСТИКА [217 минут] ===
[INFO] 2025-07-06T02:22:17.238Z: 💰 Капитал: 100.00 USDT (рост: 0.00%)
[INFO] 2025-07-06T02:22:17.238Z: 🎯 Сделки: 0 | Побед: 0 | Поражений: 0
[INFO] 2025-07-06T02:22:17.239Z: 📈 WinRate: 0.0% | Просадка: 0.0%
[INFO] 2025-07-06T02:22:17.239Z: 🔥 Серия побед: 0 | Серия поражений: 0
[INFO] 2025-07-06T02:22:17.239Z: ⏱️ Следующая сделка: 0 минут
[INFO] 2025-07-06T02:37:24.859Z: ⚡ [232м] $100.00 | 0.0% | 0 сделок | WR: 0.0%
[INFO] 2025-07-06T02:37:24.859Z: 📊 === РАСШИРЕННАЯ СТАТИСТИКА [232 минут] ===
[INFO] 2025-07-06T02:37:24.859Z: 💰 Капитал: 100.00 USDT (рост: 0.00%)
[INFO] 2025-07-06T02:37:24.859Z: 🎯 Сделки: 0 | Побед: 0 | Поражений: 0
[INFO] 2025-07-06T02:37:24.859Z: 📈 WinRate: 0.0% | Просадка: 0.0%
[INFO] 2025-07-06T02:37:24.859Z: 🔥 Серия побед: 0 | Серия поражений: 0
[INFO] 2025-07-06T02:37:24.859Z: ⏱️ Следующая сделка: 0 минут
[INFO] 2025-07-06T02:54:14.303Z: ⚡ [249м] $100.00 | 0.0% | 0 сделок | WR: 0.0%
[INFO] 2025-07-06T02:54:14.303Z: 📊 === РАСШИРЕННАЯ СТАТИСТИКА [249 минут] ===
[INFO] 2025-07-06T02:54:14.303Z: 💰 Капитал: 100.00 USDT (рост: 0.00%)
[INFO] 2025-07-06T02:54:14.303Z: 🎯 Сделки: 0 | Побед: 0 | Поражений: 0
[INFO] 2025-07-06T02:54:14.303Z: 📈 WinRate: 0.0% | Просадка: 0.0%
[INFO] 2025-07-06T02:54:14.304Z: 🔥 Серия побед: 0 | Серия поражений: 0
[INFO] 2025-07-06T02:54:14.304Z: ⏱️ Следующая сделка: 0 минут
[INFO] 2025-07-06T03:05:43.939Z: ⚡ [260м] $100.00 | 0.0% | 0 сделок | WR: 0.0%
[INFO] 2025-07-06T03:05:43.940Z: 📊 === РАСШИРЕННАЯ СТАТИСТИКА [260 минут] ===
[INFO] 2025-07-06T03:05:43.940Z: 💰 Капитал: 100.00 USDT (рост: 0.00%)
[INFO] 2025-07-06T03:05:43.940Z: 🎯 Сделки: 0 | Побед: 0 | Поражений: 0
[INFO] 2025-07-06T03:05:43.940Z: 📈 WinRate: 0.0% | Просадка: 0.0%
[INFO] 2025-07-06T03:05:43.940Z: 🔥 Серия побед: 0 | Серия поражений: 0
[INFO] 2025-07-06T03:05:43.940Z: ⏱️ Следующая сделка: 0 минут
[INFO] 2025-07-06T03:05:53.941Z: ⚡ [261м] $100.00 | 0.0% | 0 сделок | WR: 0.0%
[INFO] 2025-07-06T03:23:03.216Z: ⚡ [278м] $100.00 | 0.0% | 0 сделок | WR: 0.0%
[INFO] 2025-07-06T03:23:03.216Z: 📊 === РАСШИРЕННАЯ СТАТИСТИКА [278 минут] ===
[INFO] 2025-07-06T03:23:03.216Z: 💰 Капитал: 100.00 USDT (рост: 0.00%)
[INFO] 2025-07-06T03:23:03.216Z: 🎯 Сделки: 0 | Побед: 0 | Поражений: 0
[INFO] 2025-07-06T03:23:03.216Z: 📈 WinRate: 0.0% | Просадка: 0.0%
[INFO] 2025-07-06T03:23:03.216Z: 🔥 Серия побед: 0 | Серия поражений: 0
[INFO] 2025-07-06T03:23:03.216Z: ⏱️ Следующая сделка: 0 минут
[INFO] 2025-07-06T03:40:11.870Z: ⚡ [295м] $100.00 | 0.0% | 0 сделок | WR: 0.0%
[INFO] 2025-07-06T03:40:11.871Z: 📊 === РАСШИРЕННАЯ СТАТИСТИКА [295 минут] ===
[INFO] 2025-07-06T03:40:11.871Z: 💰 Капитал: 100.00 USDT (рост: 0.00%)
[INFO] 2025-07-06T03:40:11.871Z: 🎯 Сделки: 0 | Побед: 0 | Поражений: 0
[INFO] 2025-07-06T03:40:11.871Z: 📈 WinRate: 0.0% | Просадка: 0.0%
[INFO] 2025-07-06T03:40:11.871Z: 🔥 Серия побед: 0 | Серия поражений: 0
[INFO] 2025-07-06T03:40:11.871Z: ⏱️ Следующая сделка: 0 минут
[INFO] 2025-07-06T03:57:57.540Z: ⚡ [313м] $100.00 | 0.0% | 0 сделок | WR: 0.0%
[INFO] 2025-07-06T03:57:57.559Z: 📊 === РАСШИРЕННАЯ СТАТИСТИКА [313 минут] ===
[INFO] 2025-07-06T03:57:57.559Z: 💰 Капитал: 100.00 USDT (рост: 0.00%)
[INFO] 2025-07-06T03:57:57.560Z: 🎯 Сделки: 0 | Побед: 0 | Поражений: 0
[INFO] 2025-07-06T03:57:57.560Z: 📈 WinRate: 0.0% | Просадка: 0.0%
[INFO] 2025-07-06T03:57:57.560Z: 🔥 Серия побед: 0 | Серия поражений: 0
[INFO] 2025-07-06T03:57:57.560Z: ⏱️ Следующая сделка: 0 минут
[INFO] 2025-07-06T04:06:44.191Z: ⚡ [321м] $100.00 | 0.0% | 0 сделок | WR: 0.0%
[INFO] 2025-07-06T04:06:44.192Z: 📊 === РАСШИРЕННАЯ СТАТИСТИКА [321 минут] ===
[INFO] 2025-07-06T04:06:44.192Z: 💰 Капитал: 100.00 USDT (рост: 0.00%)
[INFO] 2025-07-06T04:06:44.192Z: 🎯 Сделки: 0 | Побед: 0 | Поражений: 0
[INFO] 2025-07-06T04:06:44.192Z: 📈 WinRate: 0.0% | Просадка: 0.0%
[INFO] 2025-07-06T04:06:44.192Z: 🔥 Серия побед: 0 | Серия поражений: 0
[INFO] 2025-07-06T04:06:44.192Z: ⏱️ Следующая сделка: 0 минут
[INFO] 2025-07-06T04:06:54.197Z: ⚡ [322м] $100.00 | 0.0% | 0 сделок | WR: 0.0%
[INFO] 2025-07-06T04:22:34.534Z: ⚡ [337м] $100.00 | 0.0% | 0 сделок | WR: 0.0%
[INFO] 2025-07-06T04:22:34.534Z: 📊 === РАСШИРЕННАЯ СТАТИСТИКА [337 минут] ===
[INFO] 2025-07-06T04:22:34.534Z: 💰 Капитал: 100.00 USDT (рост: 0.00%)
[INFO] 2025-07-06T04:22:34.535Z: 🎯 Сделки: 0 | Побед: 0 | Поражений: 0
[INFO] 2025-07-06T04:22:34.535Z: 📈 WinRate: 0.0% | Просадка: 0.0%
[INFO] 2025-07-06T04:22:34.535Z: 🔥 Серия побед: 0 | Серия поражений: 0
[INFO] 2025-07-06T04:22:34.535Z: ⏱️ Следующая сделка: 0 минут
[INFO] 2025-07-06T04:38:20.577Z: ⚡ [353м] $100.00 | 0.0% | 0 сделок | WR: 0.0%
[INFO] 2025-07-06T04:38:20.577Z: 📊 === РАСШИРЕННАЯ СТАТИСТИКА [353 минут] ===
[INFO] 2025-07-06T04:38:20.577Z: 💰 Капитал: 100.00 USDT (рост: 0.00%)
[INFO] 2025-07-06T04:38:20.577Z: 🎯 Сделки: 0 | Побед: 0 | Поражений: 0
[INFO] 2025-07-06T04:38:20.577Z: 📈 WinRate: 0.0% | Просадка: 0.0%
[INFO] 2025-07-06T04:38:20.577Z: 🔥 Серия побед: 0 | Серия поражений: 0
[INFO] 2025-07-06T04:38:20.577Z: ⏱️ Следующая сделка: 0 минут
[INFO] 2025-07-06T04:54:47.085Z: ⚡ [370м] $100.00 | 0.0% | 0 сделок | WR: 0.0%
[INFO] 2025-07-06T04:54:47.085Z: 📊 === РАСШИРЕННАЯ СТАТИСТИКА [370 минут] ===
[INFO] 2025-07-06T04:54:47.086Z: 💰 Капитал: 100.00 USDT (рост: 0.00%)
[INFO] 2025-07-06T04:54:47.086Z: 🎯 Сделки: 0 | Побед: 0 | Поражений: 0
[INFO] 2025-07-06T04:54:47.086Z: 📈 WinRate: 0.0% | Просадка: 0.0%
[INFO] 2025-07-06T04:54:47.086Z: 🔥 Серия побед: 0 | Серия поражений: 0
[INFO] 2025-07-06T04:54:47.086Z: ⏱️ Следующая сделка: 0 минут
[INFO] 2025-07-06T05:07:43.728Z: ⚡ [382м] $100.00 | 0.0% | 0 сделок | WR: 0.0%
[INFO] 2025-07-06T05:07:43.728Z: 📊 === РАСШИРЕННАЯ СТАТИСТИКА [382 минут] ===
[INFO] 2025-07-06T05:07:43.728Z: 💰 Капитал: 100.00 USDT (рост: 0.00%)
[INFO] 2025-07-06T05:07:43.729Z: 🎯 Сделки: 0 | Побед: 0 | Поражений: 0
[INFO] 2025-07-06T05:07:43.729Z: 📈 WinRate: 0.0% | Просадка: 0.0%
[INFO] 2025-07-06T05:07:43.729Z: 🔥 Серия побед: 0 | Серия поражений: 0
[INFO] 2025-07-06T05:07:43.729Z: ⏱️ Следующая сделка: 0 минут
[INFO] 2025-07-06T05:24:13.183Z: ⚡ [399м] $100.00 | 0.0% | 0 сделок | WR: 0.0%
[INFO] 2025-07-06T05:24:13.184Z: 📊 === РАСШИРЕННАЯ СТАТИСТИКА [399 минут] ===
[INFO] 2025-07-06T05:24:13.184Z: 💰 Капитал: 100.00 USDT (рост: 0.00%)
[INFO] 2025-07-06T05:24:13.184Z: 🎯 Сделки: 0 | Побед: 0 | Поражений: 0
[INFO] 2025-07-06T05:24:13.184Z: 📈 WinRate: 0.0% | Просадка: 0.0%
[INFO] 2025-07-06T05:24:13.184Z: 🔥 Серия побед: 0 | Серия поражений: 0
[INFO] 2025-07-06T05:24:13.185Z: ⏱️ Следующая сделка: 0 минут
[INFO] 2025-07-06T05:41:38.822Z: ⚡ [416м] $100.00 | 0.0% | 0 сделок | WR: 0.0%
[INFO] 2025-07-06T05:41:38.822Z: 📊 === РАСШИРЕННАЯ СТАТИСТИКА [416 минут] ===
[INFO] 2025-07-06T05:41:38.823Z: 💰 Капитал: 100.00 USDT (рост: 0.00%)
[INFO] 2025-07-06T05:41:38.823Z: 🎯 Сделки: 0 | Побед: 0 | Поражений: 0
[INFO] 2025-07-06T05:41:38.823Z: 📈 WinRate: 0.0% | Просадка: 0.0%
[INFO] 2025-07-06T05:41:38.823Z: 🔥 Серия побед: 0 | Серия поражений: 0
[INFO] 2025-07-06T05:41:38.823Z: ⏱️ Следующая сделка: 0 минут
[INFO] 2025-07-06T05:58:48.458Z: ⚡ [434м] $100.00 | 0.0% | 0 сделок | WR: 0.0%
[INFO] 2025-07-06T05:58:48.459Z: 📊 === РАСШИРЕННАЯ СТАТИСТИКА [434 минут] ===
[INFO] 2025-07-06T05:58:48.459Z: 💰 Капитал: 100.00 USDT (рост: 0.00%)
[INFO] 2025-07-06T05:58:48.459Z: 🎯 Сделки: 0 | Побед: 0 | Поражений: 0
[INFO] 2025-07-06T05:58:48.459Z: 📈 WinRate: 0.0% | Просадка: 0.0%
[INFO] 2025-07-06T05:58:48.459Z: 🔥 Серия побед: 0 | Серия поражений: 0
[INFO] 2025-07-06T05:58:48.459Z: ⏱️ Следующая сделка: 0 минут
[INFO] 2025-07-06T06:08:44.157Z: ⚡ [443м] $100.00 | 0.0% | 0 сделок | WR: 0.0%
[INFO] 2025-07-06T06:08:44.157Z: 📊 === РАСШИРЕННАЯ СТАТИСТИКА [443 минут] ===
[INFO] 2025-07-06T06:08:44.157Z: 💰 Капитал: 100.00 USDT (рост: 0.00%)
[INFO] 2025-07-06T06:08:44.157Z: 🎯 Сделки: 0 | Побед: 0 | Поражений: 0
[INFO] 2025-07-06T06:08:44.157Z: 📈 WinRate: 0.0% | Просадка: 0.0%
[INFO] 2025-07-06T06:08:44.158Z: 🔥 Серия побед: 0 | Серия поражений: 0
[INFO] 2025-07-06T06:08:44.158Z: ⏱️ Следующая сделка: 0 минут
[INFO] 2025-07-06T06:10:12.204Z: ⚡ [445м] $100.00 | 0.0% | 0 сделок | WR: 0.0%
[INFO] 2025-07-06T06:10:12.206Z: 📊 === РАСШИРЕННАЯ СТАТИСТИКА [445 минут] ===
[INFO] 2025-07-06T06:10:12.206Z: 💰 Капитал: 100.00 USDT (рост: 0.00%)
[INFO] 2025-07-06T06:10:12.207Z: 🎯 Сделки: 0 | Побед: 0 | Поражений: 0
[INFO] 2025-07-06T06:10:12.207Z: 📈 WinRate: 0.0% | Просадка: 0.0%
[INFO] 2025-07-06T06:10:12.207Z: 🔥 Серия побед: 0 | Серия поражений: 0
[INFO] 2025-07-06T06:10:12.207Z: ⏱️ Следующая сделка: 0 минут
[INFO] 2025-07-06T06:10:22.206Z: ⚡ [445м] $100.00 | 0.0% | 0 сделок | WR: 0.0%
[INFO] 2025-07-06T06:27:20.827Z: ⚡ [462м] $100.00 | 0.0% | 0 сделок | WR: 0.0%
[INFO] 2025-07-06T06:27:20.827Z: 📊 === РАСШИРЕННАЯ СТАТИСТИКА [462 минут] ===
[INFO] 2025-07-06T06:27:20.828Z: 💰 Капитал: 100.00 USDT (рост: 0.00%)
[INFO] 2025-07-06T06:27:20.828Z: 🎯 Сделки: 0 | Побед: 0 | Поражений: 0
[INFO] 2025-07-06T06:27:20.828Z: 📈 WinRate: 0.0% | Просадка: 0.0%
[INFO] 2025-07-06T06:27:20.828Z: 🔥 Серия побед: 0 | Серия поражений: 0
[INFO] 2025-07-06T06:27:20.828Z: ⏱️ Следующая сделка: 0 минут
[INFO] 2025-07-06T06:44:39.436Z: ⚡ [479м] $100.00 | 0.0% | 0 сделок | WR: 0.0%
[INFO] 2025-07-06T06:44:39.436Z: 📊 === РАСШИРЕННАЯ СТАТИСТИКА [479 минут] ===
[INFO] 2025-07-06T06:44:39.436Z: 💰 Капитал: 100.00 USDT (рост: 0.00%)
[INFO] 2025-07-06T06:44:39.436Z: 🎯 Сделки: 0 | Побед: 0 | Поражений: 0
[INFO] 2025-07-06T06:44:39.436Z: 📈 WinRate: 0.0% | Просадка: 0.0%
[INFO] 2025-07-06T06:44:39.436Z: 🔥 Серия побед: 0 | Серия поражений: 0
[INFO] 2025-07-06T06:44:39.436Z: ⏱️ Следующая сделка: 0 минут
[INFO] 2025-07-06T07:01:00.087Z: 📄 Детальный отчет сохранен: /Users/mac/Desktop/futuresbot/trading-bot/night_test_report_1751785260044.md
[INFO] 2025-07-06T07:01:00.087Z: 🏁 НОЧНОЙ ТЕСТ ЗАВЕРШЕН! Генерируем детальный отчет...
[INFO] 2025-07-06T07:01:00.087Z: ✅ Ночной тест успешно завершен!
[INFO] 2025-07-06T07:44:08.529Z: 🛑 Получен сигнал остановки ночного теста...
